This is pdfTeX, Version 3.14159265-2.6-1.40.20 (TeX Live 2019) (preloaded format=pdflatex 2019.5.8)  17 SEP 2022 09:52
entering extended mode
 restricted \write18 enabled.
 file:line:error style messages enabled.
 %&-line parsing enabled.
**Notes_1.tex
(./Notes_1.tex
LaTeX2e <2018-12-01>
(/usr/local/texlive/2019/texmf-dist/tex/latex/amscls/amsart.cls
Document Class: amsart 2017/10/31 v2.20.4
\linespacing=\dimen102
\normalparindent=\dimen103
\normaltopskip=\skip41
(/usr/local/texlive/2019/texmf-dist/tex/latex/amsmath/amsmath.sty
Package: amsmath 2018/12/01 v2.17b AMS math features
\@mathmargin=\skip42

For additional information on amsmath, use the `?' option.
(/usr/local/texlive/2019/texmf-dist/tex/latex/amsmath/amstext.sty
Package: amstext 2000/06/29 v2.01 AMS text

(/usr/local/texlive/2019/texmf-dist/tex/latex/amsmath/amsgen.sty
File: amsgen.sty 1999/11/30 v2.0 generic functions
\@emptytoks=\toks14
\ex@=\dimen104
))
(/usr/local/texlive/2019/texmf-dist/tex/latex/amsmath/amsbsy.sty
Package: amsbsy 1999/11/29 v1.2d Bold Symbols
\pmbraise@=\dimen105
)
(/usr/local/texlive/2019/texmf-dist/tex/latex/amsmath/amsopn.sty
Package: amsopn 2016/03/08 v2.02 operator names
)
\inf@bad=\count80
LaTeX Info: Redefining \frac on input line 223.
\uproot@=\count81
\leftroot@=\count82
LaTeX Info: Redefining \overline on input line 385.
\classnum@=\count83
\DOTSCASE@=\count84
LaTeX Info: Redefining \ldots on input line 482.
LaTeX Info: Redefining \dots on input line 485.
LaTeX Info: Redefining \cdots on input line 606.
\Mathstrutbox@=\box27
\strutbox@=\box28
\big@size=\dimen106
LaTeX Font Info:    Redeclaring font encoding OML on input line 729.
LaTeX Font Info:    Redeclaring font encoding OMS on input line 730.
\macc@depth=\count85
\c@MaxMatrixCols=\count86
\dotsspace@=\muskip10
\c@parentequation=\count87
\dspbrk@lvl=\count88
\tag@help=\toks15
\row@=\count89
\column@=\count90
\maxfields@=\count91
\andhelp@=\toks16
\eqnshift@=\dimen107
\alignsep@=\dimen108
\tagshift@=\dimen109
\tagwidth@=\dimen110
\totwidth@=\dimen111
\lineht@=\dimen112
\@envbody=\toks17
\multlinegap=\skip43
\multlinetaggap=\skip44
\mathdisplay@stack=\toks18
LaTeX Info: Redefining \[ on input line 2844.
LaTeX Info: Redefining \] on input line 2845.
)
LaTeX Font Info:    Try loading font information for U+msa on input line 398.

(/usr/local/texlive/2019/texmf-dist/tex/latex/amsfonts/umsa.fd
File: umsa.fd 2013/01/14 v3.01 AMS symbols A
)
(/usr/local/texlive/2019/texmf-dist/tex/latex/amsfonts/amsfonts.sty
Package: amsfonts 2013/01/14 v3.01 Basic AMSFonts support
\symAMSa=\mathgroup4
\symAMSb=\mathgroup5
LaTeX Font Info:    Overwriting math alphabet `\mathfrak' in version `bold'
(Font)                  U/euf/m/n --> U/euf/b/n on input line 106.
)
\copyins=\insert199
\abstractbox=\box29
\listisep=\skip45
\c@part=\count92
\c@section=\count93
\c@subsection=\count94
\c@subsubsection=\count95
\c@paragraph=\count96
\c@subparagraph=\count97
\c@figure=\count98
\c@table=\count99
\abovecaptionskip=\skip46
\belowcaptionskip=\skip47
\captionindent=\dimen113
\thm@style=\toks19
\thm@bodyfont=\toks20
\thm@headfont=\toks21
\thm@notefont=\toks22
\thm@headpunct=\toks23
\thm@preskip=\skip48
\thm@postskip=\skip49
\thm@headsep=\skip50
\dth@everypar=\toks24
)
(/usr/local/texlive/2019/texmf-dist/tex/latex/tools/enumerate.sty
Package: enumerate 2015/07/23 v3.00 enumerate extensions (DPC)
\@enLab=\toks25
)
(/usr/local/texlive/2019/texmf-dist/tex/latex/amsfonts/amssymb.sty
Package: amssymb 2013/01/14 v3.01 AMS font symbols
)
(/usr/local/texlive/2019/texmf-dist/tex/latex/mathtools/mathtools.sty
Package: mathtools 2018/01/08 v1.21 mathematical typesetting tools

(/usr/local/texlive/2019/texmf-dist/tex/latex/graphics/keyval.sty
Package: keyval 2014/10/28 v1.15 key=value parser (DPC)
\KV@toks@=\toks26
)
(/usr/local/texlive/2019/texmf-dist/tex/latex/tools/calc.sty
Package: calc 2017/05/25 v4.3 Infix arithmetic (KKT,FJ)
\calc@Acount=\count100
\calc@Bcount=\count101
\calc@Adimen=\dimen114
\calc@Bdimen=\dimen115
\calc@Askip=\skip51
\calc@Bskip=\skip52
LaTeX Info: Redefining \setlength on input line 80.
LaTeX Info: Redefining \addtolength on input line 81.
\calc@Ccount=\count102
\calc@Cskip=\skip53
)
(/usr/local/texlive/2019/texmf-dist/tex/latex/mathtools/mhsetup.sty
Package: mhsetup 2017/03/31 v1.3 programming setup (MH)
)
LaTeX Info: Thecontrolsequence`\('isalreadyrobust on input line 129.
LaTeX Info: Thecontrolsequence`\)'isalreadyrobust on input line 129.
LaTeX Info: Thecontrolsequence`\['isalreadyrobust on input line 129.
LaTeX Info: Thecontrolsequence`\]'isalreadyrobust on input line 129.
\g_MT_multlinerow_int=\count103
\l_MT_multwidth_dim=\dimen116
\origjot=\skip54
\l_MT_shortvdotswithinadjustabove_dim=\dimen117
\l_MT_shortvdotswithinadjustbelow_dim=\dimen118
\l_MT_above_intertext_sep=\dimen119
\l_MT_below_intertext_sep=\dimen120
\l_MT_above_shortintertext_sep=\dimen121
\l_MT_below_shortintertext_sep=\dimen122
)
(/usr/local/texlive/2019/texmf-dist/tex/latex/comment/comment.sty
\CommentStream=\write3

Excluding comment 'comment')
(/usr/local/texlive/2019/texmf-dist/tex/latex/arydshln/arydshln.sty
Package: arydshln 2019/02/21 v1.76 
\dashlinedash=\dimen123
\dashlinegap=\dimen124
\adl@box=\box30
\adl@height=\dimen125
\adl@heightsave=\dimen126
\adl@depth=\dimen127
\adl@depthsave=\dimen128
\adl@finaldepth=\dimen129
\adl@columns=\count104
\adl@ncol=\count105
\adl@currentcolumn=\count106
\adl@currentcolumnsave=\count107
\adl@totalheight=\count108
\adl@totalheightsave=\count109
\adl@dash=\count110
\adl@gap=\count111
\adl@cla=\count112
\adl@clb=\count113
\adl@everyvbox=\toks27
\adl@LTpagetotal=\dimen130
)
(/usr/local/texlive/2019/texmf-dist/tex/latex/dashrule/dashrule.sty
Package: dashrule 2013/03/28 v1.3 Dashed rules

(/usr/local/texlive/2019/texmf-dist/tex/latex/ifmtarg/ifmtarg.sty
Package: ifmtarg 2018/04/16 v1.2b check for an empty argument
)
\c@hdr@segments=\count114
)
(/usr/local/texlive/2019/texmf-dist/tex/latex/carlisle/slashed.sty
Package: slashed 1997/01/16 v0.01 Feynman Slashed Character Notation (DPC)
)
(/usr/local/texlive/2019/texmf-dist/tex/latex/fundus-calligra/calligra.sty
Package: calligra 2012/04/10 v1.9 LaTeX package calligra
)
(./Notes_1.aux)
\openout1 = `Notes_1.aux'.

LaTeX Font Info:    Checking defaults for OML/cmm/m/it on input line 17.
LaTeX Font Info:    ... okay on input line 17.
LaTeX Font Info:    Checking defaults for T1/cmr/m/n on input line 17.
LaTeX Font Info:    ... okay on input line 17.
LaTeX Font Info:    Checking defaults for OT1/cmr/m/n on input line 17.
LaTeX Font Info:    ... okay on input line 17.
LaTeX Font Info:    Checking defaults for OMS/cmsy/m/n on input line 17.
LaTeX Font Info:    ... okay on input line 17.
LaTeX Font Info:    Checking defaults for OMX/cmex/m/n on input line 17.
LaTeX Font Info:    ... okay on input line 17.
LaTeX Font Info:    Checking defaults for U/cmr/m/n on input line 17.
LaTeX Font Info:    ... okay on input line 17.
LaTeX Font Info:    Try loading font information for U+msa on input line 17.
 (/usr/local/texlive/2019/texmf-dist/tex/latex/amsfonts/umsa.fd
File: umsa.fd 2013/01/14 v3.01 AMS symbols A
)
LaTeX Font Info:    Try loading font information for U+msb on input line 17.
(/usr/local/texlive/2019/texmf-dist/tex/latex/amsfonts/umsb.fd
File: umsb.fd 2013/01/14 v3.01 AMS symbols B
)
(/usr/local/texlive/2019/texmf-dist/tex/latex/graphics/graphicx.sty
Package: graphicx 2017/06/01 v1.1a Enhanced LaTeX Graphics (DPC,SPQR)

(/usr/local/texlive/2019/texmf-dist/tex/latex/graphics/graphics.sty
Package: graphics 2017/06/25 v1.2c Standard LaTeX Graphics (DPC,SPQR)

(/usr/local/texlive/2019/texmf-dist/tex/latex/graphics/trig.sty
Package: trig 2016/01/03 v1.10 sin cos tan (DPC)
)
(/usr/local/texlive/2019/texmf-dist/tex/latex/graphics-cfg/graphics.cfg
File: graphics.cfg 2016/06/04 v1.11 sample graphics configuration
)
Package graphics Info: Driver file: pdftex.def on input line 99.

(/usr/local/texlive/2019/texmf-dist/tex/latex/graphics-def/pdftex.def
File: pdftex.def 2018/01/08 v1.0l Graphics/color driver for pdftex

(/usr/local/texlive/2019/texmf-dist/tex/context/base/mkii/supp-pdf.mkii
[Loading MPS to PDF converter (version 2006.09.02).]
\scratchcounter=\count115
\scratchdimen=\dimen131
\scratchbox=\box31
\nofMPsegments=\count116
\nofMParguments=\count117
\everyMPshowfont=\toks28
\MPscratchCnt=\count118
\MPscratchDim=\dimen132
\MPnumerator=\count119
\makeMPintoPDFobject=\count120
\everyMPtoPDFconversion=\toks29
))) (/usr/local/texlive/2019/texmf-dist/tex/latex/oberdiek/epstopdf-base.sty
Package: epstopdf-base 2016/05/15 v2.6 Base part for package epstopdf

(/usr/local/texlive/2019/texmf-dist/tex/generic/oberdiek/infwarerr.sty
Package: infwarerr 2016/05/16 v1.4 Providing info/warning/error messages (HO)
)
(/usr/local/texlive/2019/texmf-dist/tex/latex/oberdiek/grfext.sty
Package: grfext 2016/05/16 v1.2 Manage graphics extensions (HO)

(/usr/local/texlive/2019/texmf-dist/tex/generic/oberdiek/kvdefinekeys.sty
Package: kvdefinekeys 2016/05/16 v1.4 Define keys (HO)

(/usr/local/texlive/2019/texmf-dist/tex/generic/oberdiek/ltxcmds.sty
Package: ltxcmds 2016/05/16 v1.23 LaTeX kernel commands for general use (HO)
)))
(/usr/local/texlive/2019/texmf-dist/tex/latex/oberdiek/kvoptions.sty
Package: kvoptions 2016/05/16 v3.12 Key value format for package options (HO)

(/usr/local/texlive/2019/texmf-dist/tex/generic/oberdiek/kvsetkeys.sty
Package: kvsetkeys 2016/05/16 v1.17 Key value parser (HO)

(/usr/local/texlive/2019/texmf-dist/tex/generic/oberdiek/etexcmds.sty
Package: etexcmds 2016/05/16 v1.6 Avoid name clashes with e-TeX commands (HO)

(/usr/local/texlive/2019/texmf-dist/tex/generic/oberdiek/ifluatex.sty
Package: ifluatex 2016/05/16 v1.4 Provides the ifluatex switch (HO)
Package ifluatex Info: LuaTeX not detected.
))))
(/usr/local/texlive/2019/texmf-dist/tex/generic/oberdiek/pdftexcmds.sty
Package: pdftexcmds 2018/09/10 v0.29 Utility functions of pdfTeX for LuaTeX (HO
)

(/usr/local/texlive/2019/texmf-dist/tex/generic/oberdiek/ifpdf.sty
Package: ifpdf 2018/09/07 v3.3 Provides the ifpdf switch
)
Package pdftexcmds Info: LuaTeX not detected.
Package pdftexcmds Info: \pdf@primitive is available.
Package pdftexcmds Info: \pdf@ifprimitive is available.
Package pdftexcmds Info: \pdfdraftmode found.
)
Package epstopdf-base Info: Redefining graphics rule for `.eps' on input line 4
38.
Package grfext Info: Graphics extension search list:
(grfext)             [.pdf,.png,.jpg,.mps,.jpeg,.jbig2,.jb2,.PDF,.PNG,.JPG,.JPE
G,.JBIG2,.JB2,.eps]
(grfext)             \AppendGraphicsExtensions on input line 456.

(/usr/local/texlive/2019/texmf-dist/tex/latex/latexconfig/epstopdf-sys.cfg
File: epstopdf-sys.cfg 2010/07/13 v1.3 Configuration of (r)epstopdf for TeX Liv
e
))
\Gin@req@height=\dimen133
\Gin@req@width=\dimen134
)
Underfull \hbox (badness 10000) in paragraph at lines 40--66

 []

[1{/usr/local/texlive/2019/texmf-var/fonts/map/pdftex/updmap/pdftex.map}]
Overfull \hbox (12.0pt too wide) in paragraph at lines 68--69
[][] [] 
 []


Underfull \hbox (badness 10000) in paragraph at lines 71--82

 []


Overfull \hbox (12.0pt too wide) in paragraph at lines 84--85
[][] [] 
 []


Underfull \hbox (badness 10000) in paragraph at lines 87--89

 []


Overfull \hbox (12.0pt too wide) in paragraph at lines 91--92
[][] [] 
 []


Underfull \hbox (badness 10000) in paragraph at lines 94--100

 []


Overfull \hbox (12.0pt too wide) in paragraph at lines 102--103
[][] [] 
 []


Underfull \hbox (badness 10000) in paragraph at lines 105--111

 []


Overfull \hbox (12.0pt too wide) in paragraph at lines 113--114
[][] [] 
 []


Underfull \hbox (badness 10000) in paragraph at lines 116--118

 []


Overfull \hbox (12.0pt too wide) in paragraph at lines 120--121
[][] [] 
 []


Underfull \vbox (badness 10000) has occurred while \output is active []

 [2]
Overfull \hbox (12.0pt too wide) in paragraph at lines 132--133
[][] [] 
 []


Underfull \hbox (badness 10000) in paragraph at lines 135--136

 []


Overfull \hbox (12.0pt too wide) in paragraph at lines 138--139
[][] [] 
 []


Underfull \hbox (badness 10000) in paragraph at lines 141--148

 []


Overfull \hbox (12.0pt too wide) in paragraph at lines 150--151
[][] [] 
 []


Underfull \hbox (badness 10000) in paragraph at lines 153--158

 []


Overfull \hbox (12.0pt too wide) in paragraph at lines 160--161
[][] [] 
 []


Underfull \hbox (badness 10000) in paragraph at lines 163--175

 []


Overfull \hbox (12.0pt too wide) in paragraph at lines 177--178
[][] [] 
 []


Underfull \vbox (badness 10000) has occurred while \output is active []

 [3]
Overfull \hbox (12.0pt too wide) in paragraph at lines 188--189
[][] [] 
 []


Underfull \hbox (badness 10000) in paragraph at lines 191--193

 []


Overfull \hbox (12.0pt too wide) in paragraph at lines 198--199
[][] [] 
 []


Underfull \hbox (badness 10000) in paragraph at lines 201--205

 []


Overfull \hbox (12.0pt too wide) in paragraph at lines 207--208
[][] [] 
 []


Underfull \hbox (badness 10000) in paragraph at lines 210--215

 []


Underfull \hbox (badness 10000) in paragraph at lines 217--222

 []


Underfull \hbox (badness 10000) in paragraph at lines 224--229

 []


Overfull \hbox (12.0pt too wide) in paragraph at lines 231--232
[][] [] 
 []


Underfull \hbox (badness 10000) in paragraph at lines 234--237

 []


Underfull \vbox (badness 10000) has occurred while \output is active []

 [4]
Overfull \hbox (12.0pt too wide) in paragraph at lines 239--240
[][] [] 
 []


Underfull \hbox (badness 10000) in paragraph at lines 242--243

 []


Overfull \hbox (12.0pt too wide) in paragraph at lines 245--246
[][] [] 
 []


Underfull \hbox (badness 10000) in paragraph at lines 248--254

 []


Overfull \hbox (12.0pt too wide) in paragraph at lines 256--257
[][] [] 
 []


Underfull \hbox (badness 10000) in paragraph at lines 259--268

 []


Overfull \hbox (12.0pt too wide) in paragraph at lines 270--271
[][] [] 
 []

[5]
Overfull \hbox (12.0pt too wide) in paragraph at lines 281--282
[][] [] 
 []


Underfull \hbox (badness 10000) in paragraph at lines 284--288

 []


Overfull \hbox (12.0pt too wide) in paragraph at lines 290--291
[][] [] 
 []


Underfull \hbox (badness 10000) in paragraph at lines 293--294

 []


Overfull \hbox (12.0pt too wide) in paragraph at lines 296--297
[][] [] 
 []


Underfull \hbox (badness 10000) in paragraph at lines 299--301

 []


Overfull \hbox (12.0pt too wide) in paragraph at lines 303--304
[][] [] 
 []


Underfull \hbox (badness 10000) in paragraph at lines 306--307

 []


Overfull \hbox (12.0pt too wide) in paragraph at lines 309--310
[][] [] 
 []


Underfull \hbox (badness 10000) in paragraph at lines 312--316

 []


Overfull \hbox (12.0pt too wide) in paragraph at lines 318--319
[][] [] 
 []


Underfull \hbox (badness 10000) in paragraph at lines 321--322

 []


Overfull \hbox (12.0pt too wide) in paragraph at lines 324--325
[][] [] 
 []


Underfull \hbox (badness 10000) in paragraph at lines 327--330

 []


Overfull \hbox (12.0pt too wide) in paragraph at lines 332--333
[][] [] 
 []


Underfull \hbox (badness 10000) in paragraph at lines 335--345

 []


Underfull \vbox (badness 10000) has occurred while \output is active []

 [6]
Overfull \hbox (12.0pt too wide) in paragraph at lines 347--348
[][] [] 
 []


Overfull \hbox (31.87738pt too wide) in paragraph at lines 356--364
\OT1/cmr/m/n/12 want to mod-ify $\OML/cmm/m/it/12 y\OT1/cmr/m/n/12 (\OML/cmm/m/
it/12 x\OT1/cmr/m/n/12 )$ be-tween $\OML/cmm/m/it/12 x[]; x[]$ \OT1/cmr/m/n/12 
so that $\OML/cmm/m/it/12 J \OT1/cmr/m/n/12 = [][] \OML/cmm/m/it/12 f\OMS/cmsy/
m/n/12 f\OML/cmm/m/it/12 y\OT1/cmr/m/n/12 (\OML/cmm/m/it/12 x\OT1/cmr/m/n/12 )\
OML/cmm/m/it/12 ; y[]\OT1/cmr/m/n/12 (\OML/cmm/m/it/12 x\OT1/cmr/m/n/12 ); \OML
/cmm/m/it/12 x\OMS/cmsy/m/n/12 g\OML/cmm/m/it/12 dx[] 
 []


Underfull \hbox (badness 10000) in paragraph at lines 356--364

 []


Overfull \hbox (12.0pt too wide) in paragraph at lines 366--367
[][] [] 
 []


Overfull \hbox (12.0pt too wide) in paragraph at lines 382--383
[][] [] 
 []


Underfull \hbox (badness 10000) in paragraph at lines 385--398

 []

[7]
Overfull \hbox (12.0pt too wide) in paragraph at lines 400--401
[][] [] 
 []


Underfull \hbox (badness 10000) in paragraph at lines 403--414

 []


Overfull \hbox (12.0pt too wide) in paragraph at lines 416--417
[][] [] 
 []


Underfull \hbox (badness 10000) in paragraph at lines 423--425

 []


Overfull \hbox (12.0pt too wide) in paragraph at lines 427--428
[][] [] 
 []


Underfull \vbox (badness 10000) has occurred while \output is active []

 [8]
Overfull \hbox (12.0pt too wide) in paragraph at lines 437--438
[][] [] 
 []


Underfull \hbox (badness 10000) in paragraph at lines 443--449

 []


Overfull \hbox (12.0pt too wide) in paragraph at lines 451--452
[][] [] 
 []


Overfull \hbox (12.0pt too wide) in paragraph at lines 460--461
[][] [] 
 []


Underfull \hbox (badness 10000) in paragraph at lines 463--465

 []


Overfull \hbox (12.0pt too wide) in paragraph at lines 467--468
[][] [] 
 []


Underfull \hbox (badness 10000) in paragraph at lines 471--483

 []

[9]
Overfull \hbox (12.0pt too wide) in paragraph at lines 485--486
[][] [] 
 []


Overfull \hbox (12.0pt too wide) in paragraph at lines 491--492
[][] [] 
 []


Underfull \hbox (badness 10000) in paragraph at lines 494--525

 []


Underfull \vbox (badness 10000) has occurred while \output is active []

 [10]
Overfull \hbox (12.0pt too wide) in paragraph at lines 527--528
[][] [] 
 []


LaTeX Warning: Command \i invalid in math mode on input line 531.


Overfull \hbox (165.91348pt too wide) in paragraph at lines 530--545
\OT1/cmr/m/n/12 = [][] [][][][] + 1 [][] [][][] + ([] [][] \OML/cmm/m/it/12 m[]
[][][] \OT1/cmr/m/n/12 +
 []


Underfull \hbox (badness 10000) in paragraph at lines 530--545

 []


Overfull \hbox (12.0pt too wide) in paragraph at lines 547--548
[][] [] 
 []


Underfull \hbox (badness 10000) in paragraph at lines 550--563

 []


Overfull \hbox (12.0pt too wide) in paragraph at lines 565--566
[][] [] 
 []


Underfull \hbox (badness 10000) in paragraph at lines 568--577

 []


Underfull \vbox (badness 10000) has occurred while \output is active []

 [11]
Overfull \hbox (12.0pt too wide) in paragraph at lines 579--580
[][] [] 
 []


Overfull \hbox (12.0pt too wide) in paragraph at lines 597--598
[][] [] 
 []


Overfull \hbox (12.0pt too wide) in paragraph at lines 604--605
[][] [] 
 []


Underfull \hbox (badness 10000) in paragraph at lines 607--612

 []


Overfull \hbox (12.0pt too wide) in paragraph at lines 614--615
[][] [] 
 []


Underfull \vbox (badness 10000) has occurred while \output is active []

 [12]
Overfull \hbox (12.0pt too wide) in paragraph at lines 630--631
[][] [] 
 []


Underfull \hbox (badness 10000) in paragraph at lines 633--640

 []


Overfull \hbox (12.0pt too wide) in paragraph at lines 642--643
[][] [] 
 []


Underfull \hbox (badness 10000) in paragraph at lines 645--651

 []


Overfull \hbox (12.0pt too wide) in paragraph at lines 653--654
[][] [] 
 []


Overfull \hbox (3.09021pt too wide) in paragraph at lines 656--677
\OT1/cmr/m/n/12 = \OML/cmm/m/it/12 ^^Z\OT1/cmr/m/n/12 [\OML/cmm/m/it/12 q[] \OT
1/cmr/m/n/12 + \OML/cmm/m/it/12 dq[]\OT1/cmr/m/n/12 ]([]\OML/cmm/m/it/12 dp[]\O
T1/cmr/m/n/12 ) + \OML/cmm/m/it/12 ^^Z\OT1/cmr/m/n/12 [\OML/cmm/m/it/12 p[] \OT
1/cmr/m/n/12 + \OML/cmm/m/it/12 dp[]\OT1/cmr/m/n/12 ]([]\OML/cmm/m/it/12 dq[]\O
T1/cmr/m/n/12 ) = [\OML/cmm/m/it/12 ^^Z[] \OT1/cmr/m/n/12 + [](\OML/cmm/m/it/12
 ^^Z[]\OT1/cmr/m/n/12 )\OML/cmm/m/it/12 dq[]\OT1/cmr/m/n/12 ]\OML/cmm/m/it/12 d
p[] \OT1/cmr/m/n/12 +
 []


Underfull \vbox (badness 10000) has occurred while \output is active []

 [13]
Overfull \hbox (12.0pt too wide) in paragraph at lines 679--680
[][] [] 
 []


Underfull \hbox (badness 10000) in paragraph at lines 682--693

 []


Overfull \hbox (12.0pt too wide) in paragraph at lines 694--695
[][] [] 
 []


Overfull \hbox (12.0pt too wide) in paragraph at lines 704--705
[][] [] 
 []


Underfull \hbox (badness 10000) in paragraph at lines 710--722

 []

[14]
Overfull \hbox (12.0pt too wide) in paragraph at lines 724--725
[][] [] 
 []


Underfull \hbox (badness 10000) in paragraph at lines 727--732

 []


Overfull \hbox (12.0pt too wide) in paragraph at lines 734--735
[][] [] 
 []


Overfull \hbox (44.20921pt too wide) in paragraph at lines 737--746
[]\OML/cmm/m/it/12 E\OT1/cmr/m/n/12 (\OML/cmm/m/it/12 z; t\OT1/cmr/m/n/12 ) = [
]\OML/cmm/m/it/12 E[]e[]\OT1/cmr/m/n/12 ;   []\OML/cmm/m/it/12 B\OT1/cmr/m/n/12
 (\OML/cmm/m/it/12 z; t\OT1/cmr/m/n/12 ) = []\OML/cmm/m/it/12 B[]e[]\OT1/cmr/m/
n/12 (\OML/cmm/m/it/12 monochromaticplanewaves\OT1/cmr/m/n/12 )[] 
 []


Underfull \hbox (badness 10000) in paragraph at lines 749--752

 []


Overfull \hbox (12.0pt too wide) in paragraph at lines 754--755
[][] [] 
 []

[15]
Overfull \hbox (12.0pt too wide) in paragraph at lines 762--763
[][] [] 
 []


Overfull \hbox (12.0pt too wide) in paragraph at lines 769--770
[][] [] 
 []


Overfull \hbox (12.0pt too wide) in paragraph at lines 785--786
[][] [] 
 []


Underfull \hbox (badness 10000) in paragraph at lines 788--791

 []


Overfull \hbox (12.0pt too wide) in paragraph at lines 793--794
[][] [] 
 []


Underfull \vbox (badness 10000) has occurred while \output is active []

 [16]
Overfull \hbox (12.0pt too wide) in paragraph at lines 812--813
[][] [] 
 []


Underfull \hbox (badness 10000) in paragraph at lines 815--829

 []


Overfull \hbox (12.0pt too wide) in paragraph at lines 831--832
[][] [] 
 []


Underfull \hbox (badness 10000) in paragraph at lines 835--837

 []


Overfull \hbox (12.0pt too wide) in paragraph at lines 839--840
[][] [] 
 []


Underfull \hbox (badness 10000) in paragraph at lines 842--857

 []


Underfull \vbox (badness 10000) has occurred while \output is active []

 [17]
Overfull \hbox (12.0pt too wide) in paragraph at lines 859--860
[][] [] 
 []


Underfull \vbox (badness 10000) has occurred while \output is active []

 [18]
Overfull \hbox (12.0pt too wide) in paragraph at lines 908--909
[][] [] 
 []


Underfull \hbox (badness 10000) in paragraph at lines 911--912

 []


Overfull \hbox (12.0pt too wide) in paragraph at lines 914--915
[][] [] 
 []


Overfull \hbox (12.0pt too wide) in paragraph at lines 922--923
[][] [] 
 []


Overfull \hbox (12.0pt too wide) in paragraph at lines 928--929
[][] [] 
 []


Underfull \hbox (badness 10000) in paragraph at lines 930--931

 []

[19]
Overfull \hbox (12.0pt too wide) in paragraph at lines 944--945
[][] [] 
 []


Overfull \hbox (4.5014pt too wide) in paragraph at lines 947--948
[]$[]$ 
 []


Underfull \hbox (badness 10000) in paragraph at lines 947--948

 []


Overfull \hbox (2.0848pt too wide) in paragraph at lines 948--962
[]$[]$ 
 []


Overfull \hbox (12.0pt too wide) in paragraph at lines 964--965
[][] [] 
 []


Underfull \hbox (badness 10000) in paragraph at lines 967--986

 []


Underfull \vbox (badness 10000) has occurred while \output is active []

 [20]
Overfull \hbox (12.0pt too wide) in paragraph at lines 988--989
[][] [] 
 []


Underfull \hbox (badness 10000) in paragraph at lines 997--1003

 []


Overfull \hbox (12.0pt too wide) in paragraph at lines 1005--1006
[][] [] 
 []


Underfull \hbox (badness 10000) in paragraph at lines 1008--1017

 []


Overfull \hbox (12.0pt too wide) in paragraph at lines 1019--1020
[][] [] 
 []


Underfull \hbox (badness 10000) in paragraph at lines 1022--1035

 []

[21]
Overfull \hbox (12.0pt too wide) in paragraph at lines 1037--1038
[][] [] 
 []


Underfull \hbox (badness 10000) in paragraph at lines 1040--1050

 []


Overfull \hbox (12.0pt too wide) in paragraph at lines 1052--1053
[][] [] 
 []


Underfull \hbox (badness 10000) in paragraph at lines 1055--1062

 []


Overfull \hbox (12.0pt too wide) in paragraph at lines 1064--1065
[][] [] 
 []


Underfull \hbox (badness 10000) in paragraph at lines 1067--1080

 []


Underfull \vbox (badness 10000) has occurred while \output is active []

 [22]
Overfull \hbox (12.0pt too wide) in paragraph at lines 1103--1104
[][] [] 
 []


Underfull \hbox (badness 10000) in paragraph at lines 1106--1121

 []

[23]
Overfull \hbox (4.01718pt too wide) in paragraph at lines 1124--1125
[]$[]$ \OT1/cmr/m/n/12 plug $\OML/cmm/m/it/12 L[] \OT1/cmr/m/n/12 = [][] \OML/c
mm/m/it/12 ^^U[]L[]$ \OT1/cmr/m/n/12 and $\OML/cmm/m/it/12 ![] \OT1/cmr/m/n/12 
= [][] \OML/cmm/m/it/12 ^^U[]![]$
 []


Overfull \hbox (12.0pt too wide) in paragraph at lines 1127--1128
[][] [] 
 []


Overfull \hbox (12.0pt too wide) in paragraph at lines 1151--1152
[][] [] 
 []


Overfull \hbox (21.94554pt too wide) in paragraph at lines 1154--1177
\OT1/cmr/m/n/12 Let $[]$ be ori-ented along $\OML/cmm/m/it/12 I[]$ \OT1/cmr/m/n
/12 prin-ci-pal axis w/ com-po-nents $\OML/cmm/m/it/12 ![]; ![]; ![][] 
 []


Underfull \hbox (badness 10000) in paragraph at lines 1154--1177

 []


Underfull \vbox (badness 10000) has occurred while \output is active []

 [24]
Overfull \hbox (12.0pt too wide) in paragraph at lines 1179--1180
[][] [] 
 []


Underfull \hbox (badness 10000) in paragraph at lines 1195--1196

 []


Overfull \hbox (12.0pt too wide) in paragraph at lines 1198--1199
[][] [] 
 []


Underfull \vbox (badness 10000) has occurred while \output is active []

 [25]
Overfull \hbox (12.0pt too wide) in paragraph at lines 1216--1217
[][] [] 
 []


Overfull \hbox (12.0pt too wide) in paragraph at lines 1225--1226
[][] [] 
 []


Overfull \hbox (12.0pt too wide) in paragraph at lines 1232--1233
[][] [] 
 []


Overfull \hbox (23.67589pt too wide) in paragraph at lines 1235--1243
\OT1/cmr/m/n/12 = (\OML/cmm/m/it/12 A[]  A[]  A[]\OT1/cmr/m/n/12 ) [] = (\OML/c
mm/m/it/12 A[]  A[]  A[]\OT1/cmr/m/n/12 )[](\OML/cmm/m/it/12 ^^R\OT1/cmr/m/n/12
 ) [] = (\OML/cmm/m/it/12 A[]  A[]  A[]\OT1/cmr/m/n/12 ) []$ 
 []


Overfull \hbox (12.0pt too wide) in paragraph at lines 1245--1246
[][] [] 
 []


Underfull \vbox (badness 10000) has occurred while \output is active []

 [26]
Overfull \hbox (12.0pt too wide) in paragraph at lines 1262--1263
[][] [] 
 []


Overfull \hbox (12.0pt too wide) in paragraph at lines 1273--1274
[][] [] 
 []


Overfull \hbox (66.99771pt too wide) in paragraph at lines 1277--1294
[]$[]$\OT1/cmr/m/n/12 (pg.
 []


Underfull \hbox (badness 10000) in paragraph at lines 1277--1294

 []


Underfull \hbox (badness 10000) in paragraph at lines 1277--1294

 []


Underfull \vbox (badness 10000) has occurred while \output is active []

 [27]
Overfull \hbox (12.0pt too wide) in paragraph at lines 1296--1297
[][] [] 
 []


Underfull \hbox (badness 10000) in paragraph at lines 1305--1345

 []


Underfull \vbox (badness 10000) has occurred while \output is active []

 [28]
Overfull \hbox (12.0pt too wide) in paragraph at lines 1347--1348
[][] [] 
 []


Overfull \hbox (27.0894pt too wide) in paragraph at lines 1355--1373
[]$[]$ 
 []


Overfull \hbox (12.0pt too wide) in paragraph at lines 1375--1376
[][] [] 
 []


Underfull \hbox (badness 10000) in paragraph at lines 1378--1394

 []


Overfull \hbox (12.0pt too wide) in paragraph at lines 1396--1397
[][] [] 
 []


Underfull \vbox (badness 10000) has occurred while \output is active []

 [29]
Overfull \hbox (12.0pt too wide) in paragraph at lines 1443--1444
[][] [] 
 []


Underfull \hbox (badness 10000) in paragraph at lines 1446--1447

 []


Overfull \hbox (12.0pt too wide) in paragraph at lines 1449--1450
[][] [] 
 []


Underfull \hbox (badness 10000) in paragraph at lines 1452--1454

 []


Overfull \hbox (12.0pt too wide) in paragraph at lines 1456--1457
[][] [] 
 []


Underfull \hbox (badness 10000) in paragraph at lines 1459--1468

 []


Underfull \hbox (badness 10000) in paragraph at lines 1459--1468

 []


Underfull \vbox (badness 10000) has occurred while \output is active []

 [30]
Overfull \hbox (12.0pt too wide) in paragraph at lines 1470--1471
[][] [] 
 []


Overfull \hbox (12.0pt too wide) in paragraph at lines 1476--1477
[][] [] 
 []


Overfull \hbox (12.0pt too wide) in paragraph at lines 1498--1499
[][] [] 
 []

LaTeX Font Info:    Font shape `T1/calligra/m/n' will be
(Font)              scaled to size 26.39996pt on input line 1500.
LaTeX Font Info:    Font shape `T1/calligra/m/n' will be
(Font)              scaled to size 17.59998pt on input line 1500.
LaTeX Font Info:    Font shape `T1/calligra/m/n' will be
(Font)              scaled to size 13.19998pt on input line 1500.

Overfull \hbox (12.0pt too wide) in paragraph at lines 1502--1503
[][] [] 
 []


Overfull \hbox (12.0pt too wide) in paragraph at lines 1509--1510
[][] [] 
 []


Underfull \hbox (badness 10000) in paragraph at lines 1512--1513

 []


Overfull \hbox (12.0pt too wide) in paragraph at lines 1518--1519
[][] [] 
 []


Overfull \hbox (12.0pt too wide) in paragraph at lines 1526--1527
[][] [] 
 []


Overfull \hbox (12.0pt too wide) in paragraph at lines 1535--1536
[][] [] 
 []


Overfull \hbox (12.0pt too wide) in paragraph at lines 1543--1544
[][] [] 
 []


Overfull \hbox (12.0pt too wide) in paragraph at lines 1553--1554
[][] [] 
 []

[31]
Underfull \hbox (badness 10000) in paragraph at lines 1556--1557

 []


Overfull \hbox (12.0pt too wide) in paragraph at lines 1564--1565
[][] [] 
 []


Overfull \hbox (12.0pt too wide) in paragraph at lines 1573--1574
[][] [] 
 []


Overfull \hbox (12.0pt too wide) in paragraph at lines 1579--1580
[][] [] 
 []


Overfull \hbox (12.0pt too wide) in paragraph at lines 1585--1586
[][] [] 
 []


Underfull \hbox (badness 10000) in paragraph at lines 1588--1589

 []


Overfull \hbox (12.0pt too wide) in paragraph at lines 1595--1596
[][] [] 
 []


Overfull \hbox (12.0pt too wide) in paragraph at lines 1603--1604
[][] [] 
 []


Overfull \hbox (12.0pt too wide) in paragraph at lines 1609--1610
[][] [] 
 []


Overfull \hbox (12.0pt too wide) in paragraph at lines 1615--1616
[][] [] 
 []


Overfull \hbox (12.0pt too wide) in paragraph at lines 1625--1626
[][] [] 
 []


Underfull \hbox (badness 10000) in paragraph at lines 1627--1628

 []


Overfull \hbox (12.0pt too wide) in paragraph at lines 1632--1633
[][] [] 
 []


Underfull \vbox (badness 10000) has occurred while \output is active []

 [32]
Overfull \hbox (12.0pt too wide) in paragraph at lines 1644--1645
[][] [] 
 []


Overfull \hbox (12.0pt too wide) in paragraph at lines 1657--1658
[][] [] 
 []


Overfull \hbox (12.0pt too wide) in paragraph at lines 1663--1664
[][] [] 
 []


Overfull \hbox (12.0pt too wide) in paragraph at lines 1673--1674
[][] [] 
 []


Overfull \hbox (12.0pt too wide) in paragraph at lines 1683--1684
[][] [] 
 []


Underfull \hbox (badness 10000) in paragraph at lines 1686--1687

 []


Underfull \vbox (badness 10000) has occurred while \output is active []

 [33]
Overfull \hbox (12.0pt too wide) in paragraph at lines 1689--1690
[][] [] 
 []


Overfull \hbox (11.33763pt too wide) in paragraph at lines 1692--1702
\OT1/cmr/m/n/12 = [](\OML/cmm/m/it/12 q[] [][] [] \OT1/cmr/m/n/12 + \OML/cmm/m/
it/12 q[] [][] [] \OT1/cmr/m/n/12 + \OML/cmm/m/it/12 q[] [][] [] \OT1/cmr/m/n/1
2 = [] [][] [][] [][] 
 []


Overfull \hbox (12.0pt too wide) in paragraph at lines 1704--1705
[][] [] 
 []


Overfull \hbox (29.9356pt too wide) in paragraph at lines 1707--1714
\OT1/cmr/m/n/12 =[]\OMS/cmsy/m/n/12 )  \OML/cmm/m/it/12 W \OT1/cmr/m/n/12 = [] 
[][] [][] [] = [] [][] \OML/cmm/m/it/12 q[]\OT1/cmr/m/n/12 ([][] []) = [] [][] 
\OML/cmm/m/it/12 q[]V\OT1/cmr/m/n/12 ([])$ 
 []


Overfull \hbox (12.0pt too wide) in paragraph at lines 1716--1717
[][] [] 
 []


Underfull \hbox (badness 10000) in paragraph at lines 1719--1721

 []


Overfull \hbox (12.0pt too wide) in paragraph at lines 1723--1724
[][] [] 
 []


Underfull \hbox (badness 10000) in paragraph at lines 1726--1735

 []


Underfull \vbox (badness 10000) has occurred while \output is active []

 [34]
Overfull \hbox (12.0pt too wide) in paragraph at lines 1737--1738
[][] [] 
 []


Overfull \hbox (12.0pt too wide) in paragraph at lines 1744--1745
[][] [] 
 []


Underfull \hbox (badness 10000) in paragraph at lines 1747--1754

 []


Overfull \hbox (12.0pt too wide) in paragraph at lines 1756--1757
[][] [] 
 []


Underfull \hbox (badness 10000) in paragraph at lines 1759--1762

 []


Overfull \hbox (12.0pt too wide) in paragraph at lines 1764--1765
[][] [] 
 []


Overfull \hbox (12.0pt too wide) in paragraph at lines 1778--1779
[][] [] 
 []


Overfull \hbox (12.0pt too wide) in paragraph at lines 1785--1786
[][] [] 
 []


Underfull \hbox (badness 10000) in paragraph at lines 1790--1794

 []


Underfull \vbox (badness 10000) has occurred while \output is active []

 [35]
Overfull \hbox (12.0pt too wide) in paragraph at lines 1796--1797
[][] [] 
 []


Underfull \hbox (badness 10000) in paragraph at lines 1799--1804

 []


Overfull \hbox (12.0pt too wide) in paragraph at lines 1806--1807
[][] [] 
 []


Overfull \hbox (12.0pt too wide) in paragraph at lines 1814--1815
[][] [] 
 []


Underfull \hbox (badness 10000) in paragraph at lines 1817--1820

 []


Overfull \hbox (12.0pt too wide) in paragraph at lines 1822--1823
[][] [] 
 []


Underfull \hbox (badness 10000) in paragraph at lines 1827--1830

 []


Underfull \hbox (badness 10000) in paragraph at lines 1831--1832

 []


Underfull \hbox (badness 10000) in paragraph at lines 1833--1844

 []

[36]
Overfull \hbox (12.0pt too wide) in paragraph at lines 1846--1847
[][] [] 
 []


Underfull \hbox (badness 10000) in paragraph at lines 1851--1858

 []


Underfull \hbox (badness 10000) in paragraph at lines 1870--1881

 []


Underfull \vbox (badness 10000) has occurred while \output is active []

 [37]
Overfull \hbox (12.0pt too wide) in paragraph at lines 1883--1884
[][] [] 
 []


Overfull \hbox (9.37407pt too wide) in paragraph at lines 1886--1906
\OML/cmm/m/it/12 V\OT1/cmr/m/n/12 ([]) = [][[] [] \OML/cmm/m/it/12 ^^Z\OT1/cmr/
m/n/12 ([])\OML/cmm/m/it/12 d^^\[] \OT1/cmr/m/n/12 + [] [] \OML/cmm/m/it/12 r[]
 [] ^^Z\OT1/cmr/m/n/12 ([])\OML/cmm/m/it/12 d^^\[] \OT1/cmr/m/n/12 + [] [](\OM
L/cmm/m/it/12 r[]\OT1/cmr/m/n/12 )[]([] [][] \OML/cmm/m/it/12  \OMS/cmsy/m/n/1
2 ^^@
 []


Underfull \vbox (badness 10000) has occurred while \output is active []

 [38]
Overfull \hbox (12.0pt too wide) in paragraph at lines 1908--1909
[][] [] 
 []


Overfull \hbox (12.0pt too wide) in paragraph at lines 1916--1917
[][] [] 
 []


Overfull \hbox (12.0pt too wide) in paragraph at lines 1927--1928
[][] [] 
 []


Overfull \hbox (12.0pt too wide) in paragraph at lines 1937--1938
[][] [] 
 []


Overfull \hbox (12.0pt too wide) in paragraph at lines 1955--1956
[][] [] 
 []


Overfull \hbox (12.0pt too wide) in paragraph at lines 1964--1965
[][] [] 
 []


Underfull \hbox (badness 10000) in paragraph at lines 1966--1972

 []


Underfull \vbox (badness 10000) has occurred while \output is active []

 [39]
Overfull \hbox (12.0pt too wide) in paragraph at lines 1974--1975
[][] [] 
 []


Underfull \hbox (badness 10000) in paragraph at lines 1980--1982

 []


Overfull \hbox (12.0pt too wide) in paragraph at lines 1984--1985
[][] [] 
 []


Underfull \hbox (badness 10000) in paragraph at lines 1987--1990

 []


Overfull \hbox (12.0pt too wide) in paragraph at lines 1992--1993
[][] [] 
 []


Underfull \hbox (badness 10000) in paragraph at lines 1995--1999

 []


Overfull \hbox (12.0pt too wide) in paragraph at lines 2001--2002
[][] [] 
 []


Underfull \hbox (badness 10000) in paragraph at lines 2004--2005

 []


Overfull \hbox (12.0pt too wide) in paragraph at lines 2007--2008
[][] [] 
 []


Overfull \hbox (27.16158pt too wide) in paragraph at lines 2009--2020
\OT1/cmr/m/n/12 ten-tial which is not gen-eral, why? $[]$ $\OML/cmm/m/it/12 V\O
T1/cmr/m/n/12 ([]) = [][](\OML/cmm/m/it/12 singledipole\OT1/cmr/m/n/12 )[] 
 []


Underfull \hbox (badness 10000) in paragraph at lines 2009--2020

 []

[40]
Overfull \hbox (12.0pt too wide) in paragraph at lines 2022--2023
[][] [] 
 []


Underfull \hbox (badness 10000) in paragraph at lines 2025--2029

 []


Overfull \hbox (12.0pt too wide) in paragraph at lines 2031--2032
[][] [] 
 []


Underfull \hbox (badness 10000) in paragraph at lines 2034--2036

 []


Overfull \hbox (12.0pt too wide) in paragraph at lines 2038--2039
[][] [] 
 []


Underfull \hbox (badness 10000) in paragraph at lines 2041--2042

 []


Underfull \hbox (badness 10000) in paragraph at lines 2042--2053

 []


Overfull \hbox (12.0pt too wide) in paragraph at lines 2055--2056
[][] [] 
 []


Underfull \hbox (badness 10000) in paragraph at lines 2058--2059

 []


Overfull \hbox (12.0pt too wide) in paragraph at lines 2061--2062
[][] [] 
 []


Underfull \hbox (badness 10000) in paragraph at lines 2064--2068

 []


Overfull \hbox (12.0pt too wide) in paragraph at lines 2070--2071
[][] [] 
 []


Underfull \hbox (badness 10000) in paragraph at lines 2072--2078

 []


Underfull \vbox (badness 10000) has occurred while \output is active []

 [41]
Overfull \hbox (12.0pt too wide) in paragraph at lines 2080--2081
[][] [] 
 []


Overfull \hbox (12.0pt too wide) in paragraph at lines 2088--2089
[][] [] 
 []


Underfull \hbox (badness 10000) in paragraph at lines 2095--2099

 []


Overfull \hbox (12.0pt too wide) in paragraph at lines 2101--2102
[][] [] 
 []


Underfull \hbox (badness 10000) in paragraph at lines 2104--2109

 []


Overfull \hbox (12.0pt too wide) in paragraph at lines 2111--2112
[][] [] 
 []


Underfull \hbox (badness 10000) in paragraph at lines 2114--2128

 []


Underfull \vbox (badness 10000) has occurred while \output is active []

 [42]
Overfull \hbox (12.0pt too wide) in paragraph at lines 2130--2131
[][] [] 
 []


Underfull \hbox (badness 10000) in paragraph at lines 2133--2135

 []


Overfull \hbox (12.0pt too wide) in paragraph at lines 2137--2138
[][] [] 
 []


Underfull \hbox (badness 10000) in paragraph at lines 2137--2138

 []


Underfull \hbox (badness 10000) in paragraph at lines 2140--2149

 []


Overfull \hbox (12.0pt too wide) in paragraph at lines 2151--2152
[][] [] 
 []


Underfull \hbox (badness 10000) in paragraph at lines 2151--2152

 []


Underfull \hbox (badness 10000) in paragraph at lines 2154--2161

 []


Overfull \hbox (12.0pt too wide) in paragraph at lines 2163--2164
[][] [] 
 []


Underfull \hbox (badness 10000) in paragraph at lines 2163--2164

 []


Underfull \vbox (badness 10000) has occurred while \output is active []

 [43]
Overfull \hbox (12.0pt too wide) in paragraph at lines 2174--2175
[][] [] 
 []


Underfull \hbox (badness 10000) in paragraph at lines 2177--2179

 []


Overfull \hbox (12.0pt too wide) in paragraph at lines 2181--2182
[][] [] 
 []


Overfull \hbox (12.0pt too wide) in paragraph at lines 2189--2190
[][] [] 
 []


Underfull \hbox (badness 10000) in paragraph at lines 2192--2193

 []


Overfull \hbox (12.0pt too wide) in paragraph at lines 2195--2196
[][] [] 
 []


Overfull \hbox (12.0pt too wide) in paragraph at lines 2201--2202
[][] [] 
 []


Underfull \hbox (badness 10000) in paragraph at lines 2204--2210

 []


Overfull \hbox (12.0pt too wide) in paragraph at lines 2212--2213
[][] [] 
 []


Underfull \hbox (badness 10000) in paragraph at lines 2215--2219

 []


Overfull \hbox (12.0pt too wide) in paragraph at lines 2221--2222
[][] [] 
 []


Underfull \hbox (badness 10000) in paragraph at lines 2224--2225

 []


Overfull \hbox (12.0pt too wide) in paragraph at lines 2227--2228
[][] [] 
 []


Underfull \hbox (badness 10000) in paragraph at lines 2230--2234

 []


Underfull \vbox (badness 10000) has occurred while \output is active []

 [44]
Overfull \hbox (12.0pt too wide) in paragraph at lines 2236--2237
[][] [] 
 []


Underfull \hbox (badness 10000) in paragraph at lines 2239--2244

 []


Overfull \hbox (12.0pt too wide) in paragraph at lines 2246--2247
[][] [] 
 []


Underfull \hbox (badness 10000) in paragraph at lines 2249--2258

 []


Overfull \hbox (12.0pt too wide) in paragraph at lines 2260--2261
[][] [] 
 []


Overfull \hbox (12.0pt too wide) in paragraph at lines 2280--2281
[][] [] 
 []


Underfull \hbox (badness 10000) in paragraph at lines 2283--2287

 []


Underfull \vbox (badness 10000) has occurred while \output is active []

 [45]
Overfull \hbox (12.0pt too wide) in paragraph at lines 2289--2290
[][] [] 
 []


Overfull \hbox (12.0pt too wide) in paragraph at lines 2296--2297
[][] [] 
 []


Underfull \hbox (badness 10000) in paragraph at lines 2299--2308

 []


Overfull \hbox (12.0pt too wide) in paragraph at lines 2310--2311
[][] [] 
 []


Underfull \hbox (badness 10000) in paragraph at lines 2313--2317

 []


Overfull \hbox (12.0pt too wide) in paragraph at lines 2319--2320
[][] [] 
 []


Underfull \hbox (badness 10000) in paragraph at lines 2322--2326

 []


Overfull \hbox (12.0pt too wide) in paragraph at lines 2328--2329
[][] [] 
 []


Underfull \hbox (badness 10000) in paragraph at lines 2330--2336

 []


Overfull \hbox (12.0pt too wide) in paragraph at lines 2338--2339
[][] [] 
 []


Underfull \hbox (badness 10000) in paragraph at lines 2341--2353

 []


Underfull \vbox (badness 10000) has occurred while \output is active []

 [46]
Overfull \hbox (12.0pt too wide) in paragraph at lines 2355--2356
[][] [] 
 []


Underfull \hbox (badness 10000) in paragraph at lines 2358--2371

 []


Overfull \hbox (12.0pt too wide) in paragraph at lines 2373--2374
[][] [] 
 []


Underfull \vbox (badness 10000) has occurred while \output is active []

 [47]
Overfull \hbox (12.0pt too wide) in paragraph at lines 2389--2390
[][] [] 
 []


Underfull \hbox (badness 10000) in paragraph at lines 2392--2401

 []


Overfull \hbox (12.0pt too wide) in paragraph at lines 2403--2404
[][] [] 
 []


Overfull \hbox (12.0pt too wide) in paragraph at lines 2415--2416
[][] [] 
 []


Overfull \hbox (12.0pt too wide) in paragraph at lines 2431--2432
[][] [] 
 []


Underfull \hbox (badness 10000) in paragraph at lines 2434--2437

 []


Underfull \vbox (badness 10000) has occurred while \output is active []

 [48]
Overfull \hbox (12.0pt too wide) in paragraph at lines 2439--2440
[][] [] 
 []


Overfull \hbox (12.0pt too wide) in paragraph at lines 2452--2453
[][] [] 
 []


Underfull \hbox (badness 10000) in paragraph at lines 2457--2461

 []


Overfull \hbox (12.0pt too wide) in paragraph at lines 2463--2464
[][] [] 
 []

[49]
Overfull \hbox (12.0pt too wide) in paragraph at lines 2488--2489
[][] [] 
 []


Underfull \hbox (badness 10000) in paragraph at lines 2491--2492

 []


Overfull \hbox (12.0pt too wide) in paragraph at lines 2494--2495
[][] [] 
 []


Overfull \hbox (12.0pt too wide) in paragraph at lines 2506--2507
[][] [] 
 []


Overfull \hbox (6.75766pt too wide) in paragraph at lines 2510--2519
[]$[]$ 
 []


Underfull \hbox (badness 10000) in paragraph at lines 2510--2519

 []


Overfull \hbox (12.0pt too wide) in paragraph at lines 2521--2522
[][] [] 
 []


Overfull \hbox (12.0pt too wide) in paragraph at lines 2527--2528
[][] [] 
 []


Overfull \hbox (12.0pt too wide) in paragraph at lines 2537--2538
[][] [] 
 []


Underfull \vbox (badness 10000) has occurred while \output is active []

 [50]
Overfull \hbox (12.0pt too wide) in paragraph at lines 2546--2547
[][] [] 
 []


Underfull \hbox (badness 10000) in paragraph at lines 2549--2553

 []


Overfull \hbox (12.0pt too wide) in paragraph at lines 2555--2556
[][] [] 
 []


Underfull \hbox (badness 10000) in paragraph at lines 2558--2563

 []


Overfull \hbox (12.0pt too wide) in paragraph at lines 2565--2566
[][] [] 
 []


Underfull \hbox (badness 10000) in paragraph at lines 2568--2571

 []


Overfull \hbox (12.0pt too wide) in paragraph at lines 2573--2574
[][] [] 
 []


Underfull \hbox (badness 10000) in paragraph at lines 2576--2585

 []


Overfull \hbox (12.0pt too wide) in paragraph at lines 2587--2588
[][] [] 
 []


Underfull \hbox (badness 10000) in paragraph at lines 2591--2598

 []

[51]
Overfull \hbox (12.0pt too wide) in paragraph at lines 2600--2601
[][] [] 
 []


Underfull \hbox (badness 10000) in paragraph at lines 2603--2611

 []


Overfull \hbox (12.0pt too wide) in paragraph at lines 2613--2614
[][] [] 
 []


Overfull \hbox (12.0pt too wide) in paragraph at lines 2619--2620
[][] [] 
 []


Underfull \hbox (badness 10000) in paragraph at lines 2622--2628

 []


Overfull \hbox (12.0pt too wide) in paragraph at lines 2630--2631
[][] [] 
 []


Underfull \hbox (badness 10000) in paragraph at lines 2633--2635

 []


Overfull \hbox (12.0pt too wide) in paragraph at lines 2637--2638
[][] [] 
 []


Underfull \hbox (badness 10000) in paragraph at lines 2640--2645

 []


Overfull \hbox (12.0pt too wide) in paragraph at lines 2647--2648
[][] [] 
 []


Underfull \vbox (badness 10000) has occurred while \output is active []

 [52]
Overfull \hbox (12.0pt too wide) in paragraph at lines 2665--2666
[][] [] 
 []


Underfull \hbox (badness 10000) in paragraph at lines 2668--2672

 []


Overfull \hbox (12.0pt too wide) in paragraph at lines 2674--2675
[][] [] 
 []


Underfull \hbox (badness 10000) in paragraph at lines 2677--2678

 []


Overfull \hbox (12.0pt too wide) in paragraph at lines 2680--2681
[][] [] 
 []


Overfull \hbox (12.0pt too wide) in paragraph at lines 2692--2693
[][] [] 
 []


Underfull \hbox (badness 10000) in paragraph at lines 2695--2705

 []


Underfull \vbox (badness 10000) has occurred while \output is active []

 [53]
Overfull \hbox (12.0pt too wide) in paragraph at lines 2707--2708
[][] [] 
 []


Underfull \hbox (badness 10000) in paragraph at lines 2710--2712

 []


Overfull \hbox (12.0pt too wide) in paragraph at lines 2714--2715
[][] [] 
 []


Underfull \hbox (badness 10000) in paragraph at lines 2717--2721

 []


Overfull \hbox (12.0pt too wide) in paragraph at lines 2722--2723
[][] [] 
 []


Underfull \hbox (badness 10000) in paragraph at lines 2725--2727

 []


Overfull \hbox (12.0pt too wide) in paragraph at lines 2729--2730
[][] [] 
 []


Overfull \hbox (12.0pt too wide) in paragraph at lines 2738--2739
[][] [] 
 []


Underfull \hbox (badness 10000) in paragraph at lines 2741--2746

 []


Overfull \hbox (12.0pt too wide) in paragraph at lines 2748--2749
[][] [] 
 []


Underfull \hbox (badness 10000) in paragraph at lines 2751--2764

 []


Underfull \vbox (badness 10000) has occurred while \output is active []

 [54]
Overfull \hbox (12.0pt too wide) in paragraph at lines 2766--2767
[][] [] 
 []


Overfull \hbox (12.0pt too wide) in paragraph at lines 2775--2776
[][] [] 
 []


Underfull \hbox (badness 10000) in paragraph at lines 2779--2784

 []


Overfull \hbox (12.0pt too wide) in paragraph at lines 2786--2787
[][] [] 
 []


Underfull \hbox (badness 10000) in paragraph at lines 2789--2793

 []


Overfull \hbox (12.0pt too wide) in paragraph at lines 2795--2796
[][] [] 
 []


Underfull \hbox (badness 10000) in paragraph at lines 2798--2799

 []


Overfull \hbox (12.0pt too wide) in paragraph at lines 2801--2802
[][] [] 
 []


Underfull \hbox (badness 10000) in paragraph at lines 2804--2811

 []


Underfull \vbox (badness 10000) has occurred while \output is active []

 [55]
Overfull \hbox (12.0pt too wide) in paragraph at lines 2813--2814
[][] [] 
 []


LaTeX Warning: Command \l invalid in math mode on input line 2818.


Underfull \hbox (badness 10000) in paragraph at lines 2816--2820

 []


Overfull \hbox (12.0pt too wide) in paragraph at lines 2822--2823
[][] [] 
 []


Overfull \hbox (89.8181pt too wide) in paragraph at lines 2825--2828
\OT1/cmr/m/n/12 for any sur-faces bounded by the closed loop $\OMS/cmsy/m/n/12 
P\OML/cmm/m/it/12 : [] [] 
 []


Underfull \hbox (badness 10000) in paragraph at lines 2825--2828

 []


Overfull \hbox (12.0pt too wide) in paragraph at lines 2830--2831
[][] [] 
 []


Underfull \hbox (badness 10000) in paragraph at lines 2833--2835

 []


Overfull \hbox (12.0pt too wide) in paragraph at lines 2837--2838
[][] [] 
 []


Underfull \hbox (badness 10000) in paragraph at lines 2840--2843

 []


Overfull \hbox (12.0pt too wide) in paragraph at lines 2845--2846
[][] [] 
 []


Underfull \hbox (badness 10000) in paragraph at lines 2848--2849

 []


Overfull \hbox (12.0pt too wide) in paragraph at lines 2851--2852
[][] [] 
 []


Underfull \hbox (badness 10000) in paragraph at lines 2854--2857

 []


Overfull \hbox (12.0pt too wide) in paragraph at lines 2859--2860
[][] [] 
 []


Underfull \hbox (badness 10000) in paragraph at lines 2862--2867

 []


Underfull \vbox (badness 10000) has occurred while \output is active []

 [56]
Overfull \hbox (12.0pt too wide) in paragraph at lines 2869--2870
[][] [] 
 []


Underfull \hbox (badness 10000) in paragraph at lines 2873--2878

 []


Overfull \hbox (12.0pt too wide) in paragraph at lines 2880--2881
[][] [] 
 []


Overfull \hbox (12.0pt too wide) in paragraph at lines 2889--2890
[][] [] 
 []


Overfull \hbox (25.11374pt too wide) in paragraph at lines 2892--2904
[]$[]$ 
 []


Underfull \hbox (badness 10000) in paragraph at lines 2892--2904

 []


Overfull \hbox (12.0pt too wide) in paragraph at lines 2906--2907
[][] [] 
 []

[57]
Overfull \hbox (12.0pt too wide) in paragraph at lines 2915--2916
[][] [] 
 []


Underfull \hbox (badness 10000) in paragraph at lines 2918--2940

 []


Overfull \hbox (12.0pt too wide) in paragraph at lines 2942--2943
[][] [] 
 []


Underfull \hbox (badness 10000) in paragraph at lines 2945--2954

 []


Underfull \vbox (badness 10000) has occurred while \output is active []

 [58]
Overfull \hbox (12.0pt too wide) in paragraph at lines 2956--2957
[][] [] 
 []


Underfull \hbox (badness 10000) in paragraph at lines 2959--2960

 []


Overfull \hbox (12.0pt too wide) in paragraph at lines 2962--2963
[][] [] 
 []


Underfull \hbox (badness 10000) in paragraph at lines 2968--2976

 []


Overfull \hbox (12.0pt too wide) in paragraph at lines 2977--2978
[][] [] 
 []


Overfull \hbox (12.0pt too wide) in paragraph at lines 2987--2988
[][] [] 
 []


Underfull \hbox (badness 10000) in paragraph at lines 2990--2995

 []


Overfull \hbox (12.0pt too wide) in paragraph at lines 2997--2998
[][] [] 
 []


Underfull \hbox (badness 10000) in paragraph at lines 3000--3026

 []

[59]
Overfull \hbox (12.0pt too wide) in paragraph at lines 3028--3029
[][] [] 
 []


Underfull \hbox (badness 10000) in paragraph at lines 3031--3036

 []


Overfull \hbox (12.0pt too wide) in paragraph at lines 3038--3039
[][] [] 
 []


Underfull \hbox (badness 10000) in paragraph at lines 3041--3048

 []


Underfull \vbox (badness 10000) has occurred while \output is active []

 [60]
Overfull \hbox (12.0pt too wide) in paragraph at lines 3050--3051
[][] [] 
 []


Underfull \hbox (badness 10000) in paragraph at lines 3062--3067

 []


Overfull \hbox (12.0pt too wide) in paragraph at lines 3069--3070
[][] [] 
 []


Underfull \hbox (badness 10000) in paragraph at lines 3072--3073

 []


Overfull \hbox (12.0pt too wide) in paragraph at lines 3076--3077
[][] [] 
 []


Underfull \hbox (badness 10000) in paragraph at lines 3079--3086

 []


Underfull \hbox (badness 10000) in paragraph at lines 3088--3093

 []


Underfull \hbox (badness 10000) in paragraph at lines 3088--3093

 []


Underfull \hbox (badness 10000) in paragraph at lines 3094--3101

 []


Underfull \hbox (badness 10000) in paragraph at lines 3094--3101

 []

[61]
Underfull \hbox (badness 10000) in paragraph at lines 3102--3111

 []


Underfull \hbox (badness 10000) in paragraph at lines 3112--3151

 []


Underfull \vbox (badness 10000) has occurred while \output is active []

 [62]
Overfull \hbox (12.0pt too wide) in paragraph at lines 3153--3154
[][] [] 
 []


Overfull \hbox (12.0pt too wide) in paragraph at lines 3162--3163
[][] [] 
 []


Underfull \hbox (badness 10000) in paragraph at lines 3162--3163

 []


Overfull \hbox (56.45068pt too wide) in paragraph at lines 3165--3174
[]$[]$ 
 []


Underfull \hbox (badness 10000) in paragraph at lines 3165--3174

 []


Overfull \hbox (12.0pt too wide) in paragraph at lines 3176--3177
[][] [] 
 []


Underfull \hbox (badness 10000) in paragraph at lines 3176--3177

 []


Underfull \hbox (badness 10000) in paragraph at lines 3179--3194

 []


Underfull \vbox (badness 10000) has occurred while \output is active []

 [63]
Overfull \hbox (12.0pt too wide) in paragraph at lines 3196--3197
[][] [] 
 []


Underfull \hbox (badness 10000) in paragraph at lines 3196--3197

 []


Underfull \hbox (badness 10000) in paragraph at lines 3199--3204

 []


Overfull \hbox (12.0pt too wide) in paragraph at lines 3206--3207
[][] [] 
 []


Underfull \hbox (badness 10000) in paragraph at lines 3206--3207

 []


Underfull \hbox (badness 10000) in paragraph at lines 3208--3224

 []


Overfull \hbox (12.0pt too wide) in paragraph at lines 3226--3227
[][] [] 
 []


Underfull \hbox (badness 10000) in paragraph at lines 3229--3243

 []


Underfull \vbox (badness 10000) has occurred while \output is active []

 [64]
Overfull \hbox (12.0pt too wide) in paragraph at lines 3245--3246
[][] [] 
 []


Overfull \hbox (12.0pt too wide) in paragraph at lines 3251--3252
[][] [] 
 []


Underfull \hbox (badness 10000) in paragraph at lines 3254--3258

 []


Overfull \hbox (12.0pt too wide) in paragraph at lines 3260--3261
[][] [] 
 []


Underfull \hbox (badness 10000) in paragraph at lines 3263--3267

 []


Overfull \hbox (12.0pt too wide) in paragraph at lines 3269--3270
[][] [] 
 []


Underfull \hbox (badness 10000) in paragraph at lines 3272--3290

 []


Underfull \vbox (badness 10000) has occurred while \output is active []

 [65]
Overfull \hbox (12.0pt too wide) in paragraph at lines 3292--3293
[][] [] 
 []


Underfull \hbox (badness 10000) in paragraph at lines 3294--3298

 []


Overfull \hbox (12.0pt too wide) in paragraph at lines 3300--3301
[][] [] 
 []


Underfull \hbox (badness 10000) in paragraph at lines 3303--3303

 []


Underfull \hbox (badness 10000) in paragraph at lines 3303--3319

 []


Underfull \vbox (badness 10000) has occurred while \output is active []

 [66]
Overfull \hbox (12.0pt too wide) in paragraph at lines 3321--3322
[][] [] 
 []


Underfull \hbox (badness 10000) in paragraph at lines 3324--3331

 []


Overfull \hbox (12.0pt too wide) in paragraph at lines 3333--3334
[][] [] 
 []


Underfull \hbox (badness 10000) in paragraph at lines 3336--3337

 []


Overfull \hbox (12.0pt too wide) in paragraph at lines 3339--3340
[][] [] 
 []


Underfull \hbox (badness 10000) in paragraph at lines 3342--3343

 []


Overfull \hbox (12.0pt too wide) in paragraph at lines 3345--3346
[][] [] 
 []


Underfull \hbox (badness 10000) in paragraph at lines 3348--3355

 []


Overfull \hbox (12.0pt too wide) in paragraph at lines 3357--3358
[][] [] 
 []


Underfull \vbox (badness 10000) has occurred while \output is active []

 [67]
Overfull \hbox (12.0pt too wide) in paragraph at lines 3369--3370
[][] [] 
 []


Overfull \hbox (78.40863pt too wide) in paragraph at lines 3372--3381
[]$[]$
 []


Overfull \hbox (12.0pt too wide) in paragraph at lines 3399--3400
[][] [] 
 []


Overfull \hbox (12.0pt too wide) in paragraph at lines 3405--3406
[][] [] 
 []


Underfull \hbox (badness 10000) in paragraph at lines 3408--3419

 []

[68]
Overfull \hbox (12.0pt too wide) in paragraph at lines 3421--3422
[][] [] 
 []


Overfull \hbox (71.92796pt too wide) in paragraph at lines 3424--3432
\OT1/cmr/m/n/12 1 = [] \OMS/cmsy/m/n/12 j\OT1/cmr/m/n/12 	(\OML/cmm/m/it/12 x; 
\OT1/cmr/m/n/12 0)\OMS/cmsy/m/n/12 j[]\OML/cmm/m/it/12 dx \OT1/cmr/m/n/12 = [](
[][] \OML/cmm/m/it/12 c[] []\OT1/cmr/m/n/12 (\OML/cmm/m/it/12 x\OT1/cmr/m/n/12 
))([][] \OML/cmm/m/it/12 s[] []\OT1/cmr/m/n/12 (\OML/cmm/m/it/12 x\OT1/cmr/m/n/
12 ))\OML/cmm/m/it/12 dx\OT1/cmr/m/n/12 (\OML/cmm/m/it/12 easytogeneralizetot \
OT1/cmr/m/n/12 =
 []


Overfull \hbox (12.0pt too wide) in paragraph at lines 3434--3435
[][] [] 
 []


Underfull \hbox (badness 10000) in paragraph at lines 3437--3451

 []


Overfull \hbox (12.0pt too wide) in paragraph at lines 3453--3454
[][] [] 
 []


Underfull \hbox (badness 10000) in paragraph at lines 3456--3461

 []


Underfull \vbox (badness 10000) has occurred while \output is active []

 [69]
Overfull \hbox (12.0pt too wide) in paragraph at lines 3463--3464
[][] [] 
 []


Underfull \hbox (badness 10000) in paragraph at lines 3466--3472

 []


Overfull \hbox (12.0pt too wide) in paragraph at lines 3474--3475
[][] [] 
 []


Overfull \hbox (12.0pt too wide) in paragraph at lines 3500--3501
[][] [] 
 []


Underfull \vbox (badness 10000) has occurred while \output is active []

 [70]
Overfull \hbox (12.0pt too wide) in paragraph at lines 3528--3529
[][] [] 
 []


Overfull \hbox (49.55806pt too wide) in paragraph at lines 3531--3537
[]$[]$ 
 []


Underfull \hbox (badness 10000) in paragraph at lines 3531--3537

 []


Overfull \hbox (12.0pt too wide) in paragraph at lines 3539--3540
[][] [] 
 []


Underfull \hbox (badness 10000) in paragraph at lines 3542--3544

 []


Overfull \hbox (12.0pt too wide) in paragraph at lines 3546--3547
[][] [] 
 []


Underfull \hbox (badness 10000) in paragraph at lines 3549--3563

 []


Underfull \vbox (badness 10000) has occurred while \output is active []

 [71]
Overfull \hbox (12.0pt too wide) in paragraph at lines 3565--3566
[][] [] 
 []


Underfull \hbox (badness 10000) in paragraph at lines 3568--3570

 []


Overfull \hbox (12.0pt too wide) in paragraph at lines 3572--3573
[][] [] 
 []


Overfull \hbox (12.0pt too wide) in paragraph at lines 3591--3592
[][] [] 
 []


Underfull \hbox (badness 10000) in paragraph at lines 3594--3599

 []


Overfull \hbox (12.0pt too wide) in paragraph at lines 3600--3601
[][] [] 
 []


Underfull \hbox (badness 10000) in paragraph at lines 3603--3610

 []


Underfull \vbox (badness 10000) has occurred while \output is active []

 [72]
Overfull \hbox (12.0pt too wide) in paragraph at lines 3612--3613
[][] [] 
 []


Overfull \hbox (45.29205pt too wide) in paragraph at lines 3615--3618
[]$[]$ 
 []


Underfull \hbox (badness 10000) in paragraph at lines 3615--3618

 []


Overfull \hbox (12.0pt too wide) in paragraph at lines 3634--3635
[][] [] 
 []


Overfull \hbox (12.0pt too wide) in paragraph at lines 3640--3641
[][] [] 
 []

[73]
Overfull \hbox (12.0pt too wide) in paragraph at lines 3650--3651
[][] [] 
 []


Overfull \hbox (4.32397pt too wide) in paragraph at lines 3653--3656
\OT1/cmr/m/n/12 1 = \OMS/cmsy/m/n/12 h\OT1/cmr/m/n/12 	\OMS/cmsy/m/n/12 j\OT1/c
mr/m/n/12 	\OMS/cmsy/m/n/12 i \OT1/cmr/m/n/12 = \OMS/cmsy/m/n/12 h\OT1/cmr/m/n/
12 ([][] \OML/cmm/m/it/12 c[]f[]\OT1/cmr/m/n/12 )\OMS/cmsy/m/n/12 j\OT1/cmr/m/n
/12 ([][] \OML/cmm/m/it/12 c[]f[]\OT1/cmr/m/n/12 )\OMS/cmsy/m/n/12 i \OT1/cmr/m
/n/12 = [][] [][] \OML/cmm/m/it/12 c[]c[]\OMS/cmsy/m/n/12 h\OML/cmm/m/it/12 f[]
\OMS/cmsy/m/n/12 j\OML/cmm/m/it/12 f[]\OMS/cmsy/m/n/12 i \OT1/cmr/m/n/12 =
 []


Underfull \hbox (badness 10000) in paragraph at lines 3653--3656

 []


Overfull \hbox (12.0pt too wide) in paragraph at lines 3658--3659
[][] [] 
 []


Overfull \hbox (48.45648pt too wide) in paragraph at lines 3661--3662
[]$\OMS/cmsy/m/n/12 h\OML/cmm/m/it/12 Q\OMS/cmsy/m/n/12 i \OT1/cmr/m/n/12 = \OM
S/cmsy/m/n/12 h\OT1/cmr/m/n/12 	\OMS/cmsy/m/n/12 j[]\OT1/cmr/m/n/12 	\OMS/cmsy/
m/n/12 i \OT1/cmr/m/n/12 = \OMS/cmsy/m/n/12 h\OT1/cmr/m/n/12 ([][] \OML/cmm/m/i
t/12 c[]f[]\OT1/cmr/m/n/12 )\OMS/cmsy/m/n/12 j[]\OT1/cmr/m/n/12 ([][] \OML/cmm/
m/it/12 c[]f[]\OT1/cmr/m/n/12 )\OMS/cmsy/m/n/12 i \OT1/cmr/m/n/12 = [][] \OML/c
mm/m/it/12 c[]c[]q[]\OMS/cmsy/m/n/12 h\OML/cmm/m/it/12 f[]\OMS/cmsy/m/n/12 j\OM
L/cmm/m/it/12 f[]\OMS/cmsy/m/n/12 i \OT1/cmr/m/n/12 =
 []


Underfull \hbox (badness 10000) in paragraph at lines 3661--3662

 []


Overfull \hbox (12.0pt too wide) in paragraph at lines 3664--3665
[][] [] 
 []


Overfull \hbox (12.0pt too wide) in paragraph at lines 3671--3672
[][] [] 
 []


Underfull \hbox (badness 10000) in paragraph at lines 3674--3676

 []


Overfull \hbox (12.0pt too wide) in paragraph at lines 3678--3679
[][] [] 
 []


Overfull \hbox (12.0pt too wide) in paragraph at lines 3684--3685
[][] [] 
 []


Overfull \hbox (12.0pt too wide) in paragraph at lines 3691--3692
[][] [] 
 []


Overfull \hbox (12.0pt too wide) in paragraph at lines 3697--3698
[][] [] 
 []


Underfull \vbox (badness 10000) has occurred while \output is active []

 [74]
Overfull \hbox (12.0pt too wide) in paragraph at lines 3722--3723
[][] [] 
 []


Overfull \hbox (12.0pt too wide) in paragraph at lines 3731--3732
[][] [] 
 []


Overfull \hbox (12.74504pt too wide) in paragraph at lines 3734--3735
[]$[]$ \OT1/cmr/m/n/12 There is an un-cer-tainty prin-ci-ple for ev-ery non-com
muting
 []


Overfull \hbox (12.0pt too wide) in paragraph at lines 3737--3738
[][] [] 
 []


Underfull \hbox (badness 10000) in paragraph at lines 3740--3753

 []


Underfull \hbox (badness 10000) in paragraph at lines 3740--3753

 []


Overfull \hbox (2.87485pt too wide) in paragraph at lines 3740--3753
[]\OML/cmm/m/it/12 g\OT1/cmr/m/n/12 (\OML/cmm/m/it/12 x\OT1/cmr/m/n/12 ) = ([] 
\OMS/cmsy/m/n/12 ^^@ h\OML/cmm/m/it/12 A\OMS/cmsy/m/n/12 i\OT1/cmr/m/n/12 )	 = 
([] \OMS/cmsy/m/n/12 ^^@ h\OML/cmm/m/it/12 p\OMS/cmsy/m/n/12 i\OML/cmm/m/it/12 
p\OT1/cmr/m/n/12 )	;   \OML/cmm/m/it/12 f\OT1/cmr/m/n/12 (\OML/cmm/m/it/12 x\OT
1/cmr/m/n/12 ) = (\OML/cmm/m/it/12 x \OMS/cmsy/m/n/12 ^^@ h\OML/cmm/m/it/12 x\O
MS/cmsy/m/n/12 i\OT1/cmr/m/n/12 )	;   [] =
 []


Overfull \hbox (12.0pt too wide) in paragraph at lines 3754--3755
[][] [] 
 []


Underfull \hbox (badness 10000) in paragraph at lines 3757--3762

 []


Underfull \vbox (badness 10000) has occurred while \output is active []

 [75]
Overfull \hbox (12.0pt too wide) in paragraph at lines 3764--3765
[][] [] 
 []


Underfull \hbox (badness 10000) in paragraph at lines 3765--3771

 []


Overfull \hbox (12.0pt too wide) in paragraph at lines 3773--3774
[][] [] 
 []


Underfull \hbox (badness 10000) in paragraph at lines 3776--3783

 []


Overfull \hbox (12.0pt too wide) in paragraph at lines 3785--3786
[][] [] 
 []


Overfull \hbox (12.0pt too wide) in paragraph at lines 3791--3792
[][] [] 
 []


Overfull \hbox (41.94919pt too wide) in paragraph at lines 3794--3798
\OMS/cmsy/m/n/12 j\OML/cmm/m/it/12 \OMS/cmsy/m/n/12 i \OT1/cmr/m/n/12 = [][] \
OML/cmm/m/it/12 a[]\OMS/cmsy/m/n/12 j\OML/cmm/m/it/12 e[]\OMS/cmsy/m/n/12 i\OML
/cmm/m/it/12 ;   \OMS/cmsy/m/n/12 j\OML/cmm/m/it/12 ^^L\OMS/cmsy/m/n/12 i \OT1/
cmr/m/n/12 = [][] \OML/cmm/m/it/12 b[]\OMS/cmsy/m/n/12 j\OML/cmm/m/it/12 e[]\OM
S/cmsy/m/n/12 i\OML/cmm/m/it/12 ;   a[]\OMS/cmsy/m/n/12 h\OML/cmm/m/it/12 e[]\O
MS/cmsy/m/n/12 j\OML/cmm/m/it/12 \OMS/cmsy/m/n/12 i\OML/cmm/m/it/12 ;   b[] \O
T1/cmr/m/n/12 = \OMS/cmsy/m/n/12 h\OML/cmm/m/it/12 e[]\OMS/cmsy/m/n/12 j\OML/cm
m/m/it/12 ^^L\OMS/cmsy/m/n/12 i\OT1/cmr/m/n/12 ;   \OMS/cmsy/m/n/12 h\OML/cmm/m
/it/12 e[]\OMS/cmsy/m/n/12 j[]j\OML/cmm/m/it/12 e[]\OMS/cmsy/m/n/12 i ^^Q
 []


Underfull \hbox (badness 10000) in paragraph at lines 3794--3798

 []


Overfull \hbox (12.0pt too wide) in paragraph at lines 3800--3801
[][] [] 
 []


Underfull \hbox (badness 10000) in paragraph at lines 3802--3805

 []


Underfull \vbox (badness 10000) has occurred while \output is active []

 [76]
Overfull \hbox (12.0pt too wide) in paragraph at lines 3807--3808
[][] [] 
 []


Underfull \hbox (badness 10000) in paragraph at lines 3810--3816

 []


Overfull \hbox (12.0pt too wide) in paragraph at lines 3818--3819
[][] [] 
 []


Underfull \hbox (badness 10000) in paragraph at lines 3821--3825

 []


Overfull \hbox (12.0pt too wide) in paragraph at lines 3827--3828
[][] [] 
 []


Underfull \hbox (badness 10000) in paragraph at lines 3830--3831

 []


Overfull \hbox (12.0pt too wide) in paragraph at lines 3833--3834
[][] [] 
 []


Underfull \hbox (badness 10000) in paragraph at lines 3836--3837

 []


Overfull \hbox (12.0pt too wide) in paragraph at lines 3839--3840
[][] [] 
 []


Underfull \hbox (badness 10000) in paragraph at lines 3842--3844

 []


Overfull \hbox (12.0pt too wide) in paragraph at lines 3846--3847
[][] [] 
 []


Overfull \hbox (12.0pt too wide) in paragraph at lines 3854--3855
[][] [] 
 []


Underfull \hbox (badness 10000) in paragraph at lines 3858--3867

 []


Underfull \vbox (badness 10000) has occurred while \output is active []

 [77]
Overfull \hbox (12.0pt too wide) in paragraph at lines 3869--3870
[][] [] 
 []


Overfull \hbox (12.0pt too wide) in paragraph at lines 3875--3876
[][] [] 
 []


Overfull \hbox (12.0pt too wide) in paragraph at lines 3888--3889
[][] [] 
 []


Overfull \hbox (12.0pt too wide) in paragraph at lines 3895--3896
[][] [] 
 []


Underfull \hbox (badness 10000) in paragraph at lines 3898--3906

 []


Overfull \hbox (12.0pt too wide) in paragraph at lines 3908--3909
[][] [] 
 []


Underfull \vbox (badness 10000) has occurred while \output is active []

 [78]
Overfull \hbox (12.0pt too wide) in paragraph at lines 3921--3922
[][] [] 
 []


Underfull \hbox (badness 10000) in paragraph at lines 3924--3927

 []


Overfull \hbox (12.0pt too wide) in paragraph at lines 3929--3930
[][] [] 
 []


Overfull \hbox (103.29195pt too wide) in paragraph at lines 3932--3940
[]$[]$ 
 []


Overfull \hbox (42.69583pt too wide) in paragraph at lines 3932--3940
\OMS/cmsy/m/n/12 r[] \OT1/cmr/m/n/12 = [][](\OML/cmm/m/it/12 r[][]\OT1/cmr/m/n/
12 ) + [][]([] \OML/cmm/m/it/12 ^^R[]\OT1/cmr/m/n/12 ) + []([])$ $ =[]\OMS/cmsy
/m/n/12 )  ^^@[]\OT1/cmr/m/n/12 [[][](\OML/cmm/m/it/12 r[][]\OT1/cmr/m/n/12 ) +

 []


Overfull \hbox (17.807pt too wide) in paragraph at lines 3932--3940
\OT1/cmr/m/n/12 =[]\OMS/cmsy/m/n/12 )  f[][]\OT1/cmr/m/n/12 (\OML/cmm/m/it/12 r
[][]\OT1/cmr/m/n/12 ) \OMS/cmsy/m/n/12 ^^@ []\OT1/cmr/m/n/12 [\OML/cmm/m/it/12 
V\OT1/cmr/m/n/12 (\OML/cmm/m/it/12 r\OT1/cmr/m/n/12 ) \OMS/cmsy/m/n/12 ^^@ \OML
/cmm/m/it/12 E\OT1/cmr/m/n/12 ]\OMS/cmsy/m/n/12 g \OT1/cmr/m/n/12 + []\OMS/cmsy
/m/n/12 f[][]\OT1/cmr/m/n/12 ([] \OML/cmm/m/it/12 ^^R[]\OT1/cmr/m/n/12 ) + [][]
\OMS/cmsy/m/n/12 g \OT1/cmr/m/n/12 =
 []


Underfull \hbox (badness 10000) in paragraph at lines 3932--3940

 []


Overfull \hbox (12.0pt too wide) in paragraph at lines 3942--3943
[][] [] 
 []


Underfull \hbox (badness 10000) in paragraph at lines 3945--3957

 []


Overfull \hbox (12.0pt too wide) in paragraph at lines 3959--3960
[][] [] 
 []


Underfull \hbox (badness 10000) in paragraph at lines 3962--3969

 []


Underfull \vbox (badness 10000) has occurred while \output is active []

 [79]
Overfull \hbox (12.0pt too wide) in paragraph at lines 3971--3972
[][] [] 
 []


Underfull \hbox (badness 10000) in paragraph at lines 3974--3979

 []


Overfull \hbox (12.0pt too wide) in paragraph at lines 3981--3982
[][] [] 
 []


Underfull \hbox (badness 10000) in paragraph at lines 3984--3985

 []


Overfull \hbox (12.0pt too wide) in paragraph at lines 3987--3988
[][] [] 
 []


Underfull \hbox (badness 10000) in paragraph at lines 3990--3994

 []


Overfull \hbox (12.0pt too wide) in paragraph at lines 3996--3997
[][] [] 
 []


Underfull \hbox (badness 10000) in paragraph at lines 3999--4006

 []


Overfull \hbox (12.0pt too wide) in paragraph at lines 4008--4009
[][] [] 
 []


Underfull \hbox (badness 10000) in paragraph at lines 4011--4012

 []


Underfull \vbox (badness 10000) has occurred while \output is active []

 [80]
Overfull \hbox (12.0pt too wide) in paragraph at lines 4014--4015
[][] [] 
 []


Underfull \hbox (badness 10000) in paragraph at lines 4017--4019

 []


Underfull \hbox (badness 10000) in paragraph at lines 4019--4027

 []


Overfull \hbox (12.0pt too wide) in paragraph at lines 4029--4030
[][] [] 
 []


Underfull \hbox (badness 10000) in paragraph at lines 4032--4033

 []


Overfull \hbox (12.0pt too wide) in paragraph at lines 4035--4036
[][] [] 
 []


Overfull \hbox (12.0pt too wide) in paragraph at lines 4054--4055
[][] [] 
 []


Underfull \hbox (badness 10000) in paragraph at lines 4054--4055

 []


Underfull \vbox (badness 10000) has occurred while \output is active []

 [81]
Underfull \hbox (badness 10000) in paragraph at lines 4057--4069

 []


Overfull \hbox (12.0pt too wide) in paragraph at lines 4071--4072
[][] [] 
 []


Underfull \hbox (badness 10000) in paragraph at lines 4071--4072

 []


Underfull \hbox (badness 10000) in paragraph at lines 4073--4084

 []


Overfull \hbox (12.0pt too wide) in paragraph at lines 4086--4087
[][] [] 
 []


Underfull \hbox (badness 10000) in paragraph at lines 4086--4087

 []


Underfull \hbox (badness 10000) in paragraph at lines 4088--4103

 []


Underfull \vbox (badness 10000) has occurred while \output is active []

 [82]
Overfull \hbox (12.0pt too wide) in paragraph at lines 4105--4106
[][] [] 
 []


Underfull \hbox (badness 10000) in paragraph at lines 4105--4106

 []


Underfull \hbox (badness 10000) in paragraph at lines 4108--4117

 []


Overfull \hbox (12.0pt too wide) in paragraph at lines 4119--4120
[][] [] 
 []


Overfull \hbox (12.0pt too wide) in paragraph at lines 4130--4131
[][] [] 
 []


Underfull \hbox (badness 10000) in paragraph at lines 4133--4140

 []


Underfull \hbox (badness 10000) in paragraph at lines 4133--4140

 []


Underfull \vbox (badness 10000) has occurred while \output is active []

 [83]
Overfull \hbox (12.0pt too wide) in paragraph at lines 4142--4143
[][] [] 
 []


Overfull \hbox (12.0pt too wide) in paragraph at lines 4152--4153
[][] [] 
 []


Underfull \hbox (badness 10000) in paragraph at lines 4155--4160

 []


Overfull \hbox (12.0pt too wide) in paragraph at lines 4162--4163
[][] [] 
 []


Underfull \hbox (badness 10000) in paragraph at lines 4165--4174

 []


Overfull \hbox (12.0pt too wide) in paragraph at lines 4176--4177
[][] [] 
 []


Overfull \hbox (12.0pt too wide) in paragraph at lines 4182--4183
[][] [] 
 []


Overfull \hbox (12.0pt too wide) in paragraph at lines 4188--4189
[][] [] 
 []


Underfull \hbox (badness 10000) in paragraph at lines 4191--4192

 []


Overfull \hbox (12.0pt too wide) in paragraph at lines 4194--4195
[][] [] 
 []


Underfull \vbox (badness 10000) has occurred while \output is active []

 [84]
Overfull \hbox (12.0pt too wide) in paragraph at lines 4226--4227
[][] [] 
 []


Underfull \hbox (badness 10000) in paragraph at lines 4229--4235

 []


Overfull \hbox (12.0pt too wide) in paragraph at lines 4237--4238
[][] [] 
 []


Underfull \hbox (badness 10000) in paragraph at lines 4240--4246

 []


Underfull \vbox (badness 10000) has occurred while \output is active []

 [85]
Overfull \hbox (12.0pt too wide) in paragraph at lines 4248--4249
[][] [] 
 []


Underfull \hbox (badness 10000) in paragraph at lines 4251--4254

 []


Overfull \hbox (12.0pt too wide) in paragraph at lines 4256--4257
[][] [] 
 []


Underfull \hbox (badness 10000) in paragraph at lines 4259--4260

 []


Overfull \hbox (12.0pt too wide) in paragraph at lines 4262--4263
[][] [] 
 []


Overfull \hbox (12.0pt too wide) in paragraph at lines 4277--4278
[][] [] 
 []


Underfull \hbox (badness 10000) in paragraph at lines 4280--4291

 []


Overfull \hbox (12.0pt too wide) in paragraph at lines 4293--4294
[][] [] 
 []


Underfull \hbox (badness 10000) in paragraph at lines 4296--4302

 []


Underfull \vbox (badness 10000) has occurred while \output is active []

 [86]
Overfull \hbox (12.0pt too wide) in paragraph at lines 4304--4305
[][] [] 
 []


Underfull \hbox (badness 10000) in paragraph at lines 4307--4314

 []


Overfull \hbox (12.0pt too wide) in paragraph at lines 4316--4317
[][] [] 
 []


Underfull \hbox (badness 10000) in paragraph at lines 4319--4325

 []


Overfull \hbox (12.0pt too wide) in paragraph at lines 4326--4327
[][] [] 
 []


Overfull \hbox (12.0pt too wide) in paragraph at lines 4329--4330
[][] [] 
 []


Underfull \hbox (badness 10000) in paragraph at lines 4332--4347

 []


Overfull \hbox (15.5221pt too wide) in paragraph at lines 4358--4361
[]$\OML/cmm/m/it/12 L[] \OT1/cmr/m/n/12 = \OML/cmm/m/it/12 L[] \OMS/cmsy/m/n/12
 ^^F \OML/cmm/m/it/12 iL[] \OT1/cmr/m/n/12 = \OMS/cmsy/m/n/12 ^^@\OML/cmm/m/it/
12 i\U/msb/m/n/12 ~\OT1/cmr/m/n/12 [(\OMS/cmsy/m/n/12 ^^@ [] \OML/cmm/m/it/12 ^
^^ \OMS/cmsy/m/n/12 ^^F \OML/cmm/m/it/12 i [] ^^^\OT1/cmr/m/n/12 )[] \OMS/cmsy/
m/n/12 ^^@ \OT1/cmr/m/n/12 ([] \OML/cmm/m/it/12 ^^^ \OMS/cmsy/m/n/12 ^^F \OML/c
mm/m/it/12 i [] ^^^\OT1/cmr/m/n/12 ) [] \OML/cmm/m/it/12 ^^R[]\OT1/cmr/m/n/12 ]
[] 
 []


Underfull \hbox (badness 10000) in paragraph at lines 4358--4361

 []


Underfull \vbox (badness 10000) has occurred while \output is active []

 [87]
Overfull \hbox (12.0pt too wide) in paragraph at lines 4363--4364
[][] [] 
 []


Underfull \hbox (badness 10000) in paragraph at lines 4366--4370

 []


Overfull \hbox (12.0pt too wide) in paragraph at lines 4372--4373
[][] [] 
 []


Underfull \hbox (badness 10000) in paragraph at lines 4375--4382

 []


Overfull \hbox (12.0pt too wide) in paragraph at lines 4384--4385
[][] [] 
 []


Underfull \hbox (badness 10000) in paragraph at lines 4387--4389

 []


Overfull \hbox (12.0pt too wide) in paragraph at lines 4391--4392
[][] [] 
 []


Underfull \hbox (badness 10000) in paragraph at lines 4394--4399

 []


Overfull \hbox (12.0pt too wide) in paragraph at lines 4401--4402
[][] [] 
 []


Underfull \hbox (badness 10000) in paragraph at lines 4404--4405

 []


Overfull \hbox (12.0pt too wide) in paragraph at lines 4407--4408
[][] [] 
 []


Underfull \vbox (badness 10000) has occurred while \output is active []

 [88]
Overfull \hbox (12.0pt too wide) in paragraph at lines 4413--4414
[][] [] 
 []


Overfull \hbox (12.0pt too wide) in paragraph at lines 4424--4425
[][] [] 
 []


Underfull \hbox (badness 10000) in paragraph at lines 4427--4433

 []


Overfull \hbox (12.0pt too wide) in paragraph at lines 4434--4435
[][] [] 
 []


Underfull \hbox (badness 10000) in paragraph at lines 4437--4444

 []


Overfull \hbox (12.0pt too wide) in paragraph at lines 4446--4447
[][] [] 
 []


Underfull \hbox (badness 10000) in paragraph at lines 4449--4457

 []


Underfull \vbox (badness 10000) has occurred while \output is active []

 [89]
Overfull \hbox (12.0pt too wide) in paragraph at lines 4458--4459
[][] [] 
 []


Overfull \hbox (12.0pt too wide) in paragraph at lines 4469--4470
[][] [] 
 []


Underfull \hbox (badness 10000) in paragraph at lines 4472--4476

 []


Overfull \hbox (12.0pt too wide) in paragraph at lines 4478--4479
[][] [] 
 []


Underfull \hbox (badness 10000) in paragraph at lines 4481--4483

 []


Overfull \hbox (12.0pt too wide) in paragraph at lines 4485--4486
[][] [] 
 []


Underfull \hbox (badness 10000) in paragraph at lines 4488--4490

 []


Overfull \hbox (12.0pt too wide) in paragraph at lines 4492--4493
[][] [] 
 []


Overfull \hbox (12.0pt too wide) in paragraph at lines 4498--4499
[][] [] 
 []


Underfull \vbox (badness 10000) has occurred while \output is active []

 [90]
Overfull \hbox (15.25104pt too wide) in paragraph at lines 4501--4502
[]$\OML/cmm/m/it/12 ^^_[] \OT1/cmr/m/n/12 = [] (\OML/cmm/m/it/12 eigenvalue[]\O
T1/cmr/m/n/12 );   \OML/cmm/m/it/12 ^^_[] \OT1/cmr/m/n/12 = [] (\OML/cmm/m/it/1
2 eigenvalue \OMS/cmsy/m/n/12 ^^@
 []


Underfull \hbox (badness 10000) in paragraph at lines 4501--4502

 []


Overfull \hbox (12.0pt too wide) in paragraph at lines 4504--4505
[][] [] 
 []


Underfull \hbox (badness 10000) in paragraph at lines 4507--4516

 []


Overfull \hbox (12.0pt too wide) in paragraph at lines 4518--4519
[][] [] 
 []


Underfull \hbox (badness 10000) in paragraph at lines 4521--4525

 []


Overfull \hbox (12.0pt too wide) in paragraph at lines 4527--4528
[][] [] 
 []


Overfull \hbox (12.0pt too wide) in paragraph at lines 4538--4539
[][] [] 
 []


Underfull \hbox (badness 10000) in paragraph at lines 4541--4545

 []


Underfull \vbox (badness 10000) has occurred while \output is active []

 [91]
Overfull \hbox (12.0pt too wide) in paragraph at lines 4547--4548
[][] [] 
 []


Overfull \hbox (12.0pt too wide) in paragraph at lines 4554--4555
[][] [] 
 []


Underfull \vbox (badness 10000) has occurred while \output is active []

 [92]
Overfull \hbox (12.0pt too wide) in paragraph at lines 4590--4591
[][] [] 
 []


Overfull \hbox (12.0pt too wide) in paragraph at lines 4601--4602
[][] [] 
 []


Underfull \hbox (badness 10000) in paragraph at lines 4604--4607

 []


Overfull \hbox (12.0pt too wide) in paragraph at lines 4609--4610
[][] [] 
 []


Underfull \hbox (badness 10000) in paragraph at lines 4612--4613

 []


Overfull \hbox (12.0pt too wide) in paragraph at lines 4615--4616
[][] [] 
 []


Overfull \hbox (27.96951pt too wide) in paragraph at lines 4618--4624
[]$\OML/cmm/m/it/12  \OT1/cmr/m/n/12 ([]\OML/cmm/m/it/12 ; []\OT1/cmr/m/n/12 ) 
= \OML/cmm/m/it/12  []\OT1/cmr/m/n/12 ([])\OML/cmm/m/it/12  []\OT1/cmr/m/n/12 (
[])(\OML/cmm/m/it/12 distinguishable; i:e:;  \OT1/cmr/m/n/12 ([]\OML/cmm/m/it/1
2 ; []\OT1/cmr/m/n/12 ) \OMS/cmsy/m/n/12 6\OT1/cmr/m/n/12 = \OML/cmm/m/it/12  \
OT1/cmr/m/n/12 ([]\OML/cmm/m/it/12 ; []\OT1/cmr/m/n/12 ))[] 
 []


Overfull \hbox (12.0pt too wide) in paragraph at lines 4626--4627
[][] [] 
 []


Underfull \hbox (badness 10000) in paragraph at lines 4629--4631

 []


Overfull \hbox (12.0pt too wide) in paragraph at lines 4633--4634
[][] [] 
 []


Overfull \hbox (12.0pt too wide) in paragraph at lines 4645--4646
[][] [] 
 []

[93]
Overfull \hbox (12.0pt too wide) in paragraph at lines 4663--4664
[][] [] 
 []


Underfull \hbox (badness 10000) in paragraph at lines 4666--4668

 []


Overfull \hbox (12.0pt too wide) in paragraph at lines 4670--4671
[][] [] 
 []


Underfull \hbox (badness 10000) in paragraph at lines 4673--4678

 []


Overfull \hbox (12.0pt too wide) in paragraph at lines 4680--4681
[][] [] 
 []


Underfull \hbox (badness 10000) in paragraph at lines 4683--4684

 []


Overfull \hbox (12.0pt too wide) in paragraph at lines 4686--4687
[][] [] 
 []


Underfull \hbox (badness 10000) in paragraph at lines 4689--4690

 []


Overfull \hbox (12.0pt too wide) in paragraph at lines 4692--4693
[][] [] 
 []


Underfull \hbox (badness 10000) in paragraph at lines 4695--4699

 []


Overfull \hbox (12.0pt too wide) in paragraph at lines 4701--4702
[][] [] 
 []


Underfull \hbox (badness 10000) in paragraph at lines 4704--4706

 []


Underfull \vbox (badness 10000) has occurred while \output is active []

 [94]
Overfull \hbox (12.0pt too wide) in paragraph at lines 4708--4709
[][] [] 
 []


Underfull \hbox (badness 10000) in paragraph at lines 4711--4715

 []


Overfull \hbox (12.0pt too wide) in paragraph at lines 4717--4718
[][] [] 
 []


Overfull \hbox (112.73111pt too wide) in paragraph at lines 4720--4737
[]$[]$ 
 []


Overfull \hbox (12.0pt too wide) in paragraph at lines 4739--4740
[][] [] 
 []


Underfull \hbox (badness 10000) in paragraph at lines 4742--4743

 []


Overfull \hbox (12.0pt too wide) in paragraph at lines 4745--4746
[][] [] 
 []


Overfull \hbox (10.52719pt too wide) in paragraph at lines 4748--4755
\OT1/cmr/m/n/12 If elec-trons were bosons they would set-tle to ground state $\
OML/cmm/m/it/12  []\OT1/cmr/m/n/12 (\OML/cmm/m/it/12 k \OT1/cmr/m/n/12 =
 []


Underfull \hbox (badness 10000) in paragraph at lines 4748--4755

 []


Underfull \vbox (badness 10000) has occurred while \output is active []

 [95]
Overfull \hbox (12.0pt too wide) in paragraph at lines 4757--4758
[][] [] 
 []


Underfull \hbox (badness 10000) in paragraph at lines 4760--4771

 []


Overfull \hbox (12.0pt too wide) in paragraph at lines 4773--4774
[][] [] 
 []


Overfull \hbox (12.0pt too wide) in paragraph at lines 4781--4782
[][] [] 
 []


Underfull \hbox (badness 10000) in paragraph at lines 4784--4813

 []


Underfull \vbox (badness 10000) has occurred while \output is active []

 [96]
Overfull \hbox (12.0pt too wide) in paragraph at lines 4815--4816
[][] [] 
 []


Underfull \hbox (badness 10000) in paragraph at lines 4822--4834

 []

[97]
Overfull \hbox (12.0pt too wide) in paragraph at lines 4836--4837
[][] [] 
 []


Overfull \hbox (12.0pt too wide) in paragraph at lines 4842--4843
[][] [] 
 []


Underfull \hbox (badness 10000) in paragraph at lines 4845--4846

 []


Overfull \hbox (12.0pt too wide) in paragraph at lines 4848--4849
[][] [] 
 []


Overfull \hbox (12.0pt too wide) in paragraph at lines 4856--4857
[][] [] 
 []


Underfull \hbox (badness 10000) in paragraph at lines 4859--4863

 []


Overfull \hbox (12.0pt too wide) in paragraph at lines 4865--4866
[][] [] 
 []


Overfull \hbox (12.0pt too wide) in paragraph at lines 4871--4872
[][] [] 
 []


Underfull \hbox (badness 10000) in paragraph at lines 4875--4878

 []


Overfull \hbox (12.0pt too wide) in paragraph at lines 4880--4881
[][] [] 
 []


Underfull \hbox (badness 10000) in paragraph at lines 4883--4891

 []


Underfull \vbox (badness 10000) has occurred while \output is active []

 [98]
Overfull \hbox (12.0pt too wide) in paragraph at lines 4893--4894
[][] [] 
 []


Underfull \hbox (badness 10000) in paragraph at lines 4896--4897

 []


Overfull \hbox (12.0pt too wide) in paragraph at lines 4899--4900
[][] [] 
 []


Underfull \hbox (badness 10000) in paragraph at lines 4902--4905

 []


Overfull \hbox (12.0pt too wide) in paragraph at lines 4907--4908
[][] [] 
 []


Underfull \hbox (badness 10000) in paragraph at lines 4910--4917

 []


Overfull \hbox (12.0pt too wide) in paragraph at lines 4919--4920
[][] [] 
 []


Underfull \hbox (badness 10000) in paragraph at lines 4922--4923

 []


Overfull \hbox (12.0pt too wide) in paragraph at lines 4925--4926
[][] [] 
 []


Underfull \hbox (badness 10000) in paragraph at lines 4928--4929

 []


Overfull \hbox (12.0pt too wide) in paragraph at lines 4931--4932
[][] [] 
 []


Underfull \hbox (badness 10000) in paragraph at lines 4933--4937

 []


Overfull \hbox (12.0pt too wide) in paragraph at lines 4939--4940
[][] [] 
 []


Underfull \vbox (badness 10000) has occurred while \output is active []

 [99]
Underfull \hbox (badness 10000) in paragraph at lines 4942--4951

 []


Overfull \hbox (12.0pt too wide) in paragraph at lines 4953--4954
[][] [] 
 []


Underfull \hbox (badness 10000) in paragraph at lines 4955--4963

 []


Overfull \hbox (12.0pt too wide) in paragraph at lines 4965--4966
[][] [] 
 []


Underfull \hbox (badness 10000) in paragraph at lines 4967--4971

 []


Overfull \hbox (12.0pt too wide) in paragraph at lines 4973--4974
[][] [] 
 []


Underfull \hbox (badness 10000) in paragraph at lines 4975--4986

 []


Underfull \vbox (badness 10000) has occurred while \output is active []

 [100]
Overfull \hbox (12.0pt too wide) in paragraph at lines 4988--4989
[][] [] 
 []


Underfull \hbox (badness 10000) in paragraph at lines 4991--4993

 []


Overfull \hbox (12.0pt too wide) in paragraph at lines 4995--4996
[][] [] 
 []


Underfull \hbox (badness 10000) in paragraph at lines 4998--4999

 []


Underfull \hbox (badness 10000) in paragraph at lines 4999--5005

 []


Overfull \hbox (12.0pt too wide) in paragraph at lines 5007--5008
[][] [] 
 []


Underfull \hbox (badness 10000) in paragraph at lines 5010--5020

 []


Overfull \hbox (12.0pt too wide) in paragraph at lines 5021--5022
[][] [] 
 []


Underfull \hbox (badness 10000) in paragraph at lines 5024--5026

 []


Overfull \hbox (12.0pt too wide) in paragraph at lines 5028--5029
[][] [] 
 []


Underfull \hbox (badness 10000) in paragraph at lines 5031--5037

 []


Underfull \vbox (badness 10000) has occurred while \output is active []

 [101]
Overfull \hbox (12.0pt too wide) in paragraph at lines 5039--5040
[][] [] 
 []


Underfull \hbox (badness 10000) in paragraph at lines 5042--5048

 []


Overfull \hbox (12.0pt too wide) in paragraph at lines 5050--5051
[][] [] 
 []


Overfull \hbox (12.0pt too wide) in paragraph at lines 5058--5059
[][] [] 
 []


Underfull \hbox (badness 10000) in paragraph at lines 5061--5063

 []


Overfull \hbox (12.0pt too wide) in paragraph at lines 5065--5066
[][] [] 
 []


Underfull \hbox (badness 10000) in paragraph at lines 5068--5069

 []


Overfull \hbox (12.0pt too wide) in paragraph at lines 5071--5072
[][] [] 
 []


Underfull \hbox (badness 10000) in paragraph at lines 5074--5082

 []


Overfull \hbox (12.0pt too wide) in paragraph at lines 5084--5085
[][] [] 
 []


Underfull \hbox (badness 10000) in paragraph at lines 5087--5091

 []


Overfull \hbox (12.0pt too wide) in paragraph at lines 5093--5094
[][] [] 
 []


Overfull \hbox (10.8881pt too wide) in paragraph at lines 5096--5103
[]$[]$ \OT1/cmr/m/n/12 (in-fin-i-tes-i-mal ro-ta-tions) 
 []


Underfull \hbox (badness 10000) in paragraph at lines 5096--5103

 []


Underfull \vbox (badness 10000) has occurred while \output is active []

 [102]
Overfull \hbox (12.0pt too wide) in paragraph at lines 5105--5106
[][] [] 
 []


Underfull \hbox (badness 10000) in paragraph at lines 5108--5112

 []


Overfull \hbox (12.0pt too wide) in paragraph at lines 5114--5115
[][] [] 
 []


Underfull \hbox (badness 10000) in paragraph at lines 5117--5118

 []


Overfull \hbox (12.0pt too wide) in paragraph at lines 5120--5121
[][] [] 
 []


Underfull \hbox (badness 10000) in paragraph at lines 5123--5124

 []


Overfull \hbox (12.0pt too wide) in paragraph at lines 5125--5126
[][] [] 
 []


Underfull \hbox (badness 10000) in paragraph at lines 5128--5131

 []


Overfull \hbox (12.0pt too wide) in paragraph at lines 5133--5134
[][] [] 
 []


Underfull \hbox (badness 10000) in paragraph at lines 5136--5138

 []


Overfull \hbox (12.0pt too wide) in paragraph at lines 5140--5141
[][] [] 
 []


Underfull \hbox (badness 10000) in paragraph at lines 5143--5145

 []


Underfull \vbox (badness 10000) has occurred while \output is active []

 [103]
Overfull \hbox (12.0pt too wide) in paragraph at lines 5147--5148
[][] [] 
 []


Underfull \hbox (badness 10000) in paragraph at lines 5149--5156

 []


Overfull \hbox (12.0pt too wide) in paragraph at lines 5158--5159
[][] [] 
 []


Underfull \hbox (badness 10000) in paragraph at lines 5161--5167

 []


Overfull \hbox (12.0pt too wide) in paragraph at lines 5169--5170
[][] [] 
 []


Underfull \hbox (badness 10000) in paragraph at lines 5172--5180

 []


Underfull \hbox (badness 10000) in paragraph at lines 5181--5185

 []

[104]
Overfull \hbox (12.0pt too wide) in paragraph at lines 5186--5193
[][] []
 []


Overfull \hbox (53.86273pt too wide) in paragraph at lines 5196--5203
[]$ 
 []


Overfull \hbox (12.0pt too wide) in paragraph at lines 5204--5205
[][] [] 
 []


Overfull \hbox (12.0pt too wide) in paragraph at lines 5225--5226
[][] [] 
 []


Overfull \hbox (27.18698pt too wide) in paragraph at lines 5229--5268
[]$ $\OMS/cmsy/m/n/12 j\OML/cmm/m/it/12 n`m\OMS/cmsy/m/n/12 i$ \OT1/cmr/m/n/12 
sat-isfy $\OML/cmm/m/it/12 L[]f[] \OT1/cmr/m/n/12 = \U/msb/m/n/12 ~[]\OML/cmm/m
/it/12 `\OT1/cmr/m/n/12 (\OML/cmm/m/it/12 ` \OT1/cmr/m/n/12 + 1)\OML/cmm/m/it/1
2 f[]\OT1/cmr/m/n/12 ;   \OML/cmm/m/it/12 L[]f[] \OT1/cmr/m/n/12 = \U/msb/m/n/1
2 ~\OML/cmm/m/it/12 mf[]andL[]f[] \OT1/cmr/m/n/12 =
 []


Overfull \hbox (17.53871pt too wide) in paragraph at lines 5229--5268
\OT1/cmr/m/n/12 =[]\OMS/cmsy/m/n/12 )  h\OML/cmm/m/it/12 n[]`[]m[]\OMS/cmsy/m/n
/12 j\OT1/cmr/m/n/12 [[]\OML/cmm/m/it/12 ; []\OT1/cmr/m/n/12 ]\OMS/cmsy/m/n/12 
j\OML/cmm/m/it/12 n`m\OMS/cmsy/m/n/12 i \OT1/cmr/m/n/12 = \U/msb/m/n/12 ~\OML/c
mm/m/it/12 m[]\OMS/cmsy/m/n/12 h\OML/cmm/m/it/12 n[]`[]m[]\OMS/cmsy/m/n/12 j[]j
\OML/cmm/m/it/12 n`m\OMS/cmsy/m/n/12 i ^^@ \U/msb/m/n/12 ~\OML/cmm/m/it/12 m\OM
S/cmsy/m/n/12 h\OML/cmm/m/it/12 n[]`[]m[]\OMS/cmsy/m/n/12 j[]j\OML/cmm/m/it/12 
n`m\OMS/cmsy/m/n/12 i[] 
 []


Overfull \hbox (28.7606pt too wide) in paragraph at lines 5229--5268
[]$ $\OML/cmm/m/it/12 A[] \OT1/cmr/m/n/12 = \U/msb/m/n/12 ~[]\OT1/cmr/m/n/12 ; 
  \OML/cmm/m/it/12 B[] \OT1/cmr/m/n/12 = \U/msb/m/n/12 ~[][] 
 []


Underfull \hbox (badness 10000) in paragraph at lines 5229--5268

 []


Underfull \vbox (badness 10000) has occurred while \output is active []

 [105]
Overfull \hbox (12.0pt too wide) in paragraph at lines 5270--5271
[][] [] 
 []


Overfull \hbox (12.0pt too wide) in paragraph at lines 5276--5277
[][] [] 
 []


Underfull \vbox (badness 10000) has occurred while \output is active []

 [106]
Overfull \hbox (12.0pt too wide) in paragraph at lines 5289--5290
[][] [] 
 []


Underfull \hbox (badness 10000) in paragraph at lines 5292--5298

 []


Overfull \hbox (12.0pt too wide) in paragraph at lines 5300--5301
[][] [] 
 []


Overfull \hbox (12.0pt too wide) in paragraph at lines 5306--5307
[][] [] 
 []


Underfull \hbox (badness 10000) in paragraph at lines 5309--5314

 []


Overfull \hbox (12.0pt too wide) in paragraph at lines 5316--5317
[][] [] 
 []


Underfull \hbox (badness 10000) in paragraph at lines 5319--5326

 []


Overfull \hbox (12.0pt too wide) in paragraph at lines 5328--5329
[][] [] 
 []


Underfull \hbox (badness 10000) in paragraph at lines 5331--5333

 []


Overfull \hbox (12.0pt too wide) in paragraph at lines 5335--5336
[][] [] 
 []


Underfull \hbox (badness 10000) in paragraph at lines 5338--5339

 []


Overfull \hbox (12.0pt too wide) in paragraph at lines 5341--5342
[][] [] 
 []


Underfull \hbox (badness 10000) in paragraph at lines 5344--5347

 []


Underfull \vbox (badness 10000) has occurred while \output is active []

 [107]
Overfull \hbox (12.0pt too wide) in paragraph at lines 5349--5350
[][] [] 
 []


Overfull \hbox (12.0pt too wide) in paragraph at lines 5380--5381
[][] [] 
 []

[108]
Overfull \hbox (12.0pt too wide) in paragraph at lines 5406--5407
[][] [] 
 []


Overfull \hbox (4.03279pt too wide) in paragraph at lines 5409--5426
[]$[]$ 
 []


Overfull \hbox (12.0pt too wide) in paragraph at lines 5429--5430
[][] [] 
 []

[109] (./Notes_1.aux) ) 
Here is how much of TeX's memory you used:
 3672 strings out of 492616
 50673 string characters out of 6129482
 139898 words of memory out of 5000000
 7367 multiletter control sequences out of 15000+600000
 12193 words of font info for 46 fonts, out of 8000000 for 9000
 1302 hyphenation exceptions out of 8191
 55i,14n,31p,967b,265s stack positions out of 5000i,500n,10000p,200000b,80000s
</usr/local/texlive/2019/texmf-dist/fonts/type1/public/c
alligra-type1/callig15.pfb></usr/local/texlive/2019/texmf-dist/fonts/type1/publ
ic/amsfonts/cm/cmcsc10.pfb></usr/local/texlive/2019/texmf-dist/fonts/type1/publ
ic/amsfonts/cm/cmex10.pfb></usr/local/texlive/2019/texmf-dist/fonts/type1/publi
c/amsfonts/cmextra/cmex8.pfb></usr/local/texlive/2019/texmf-dist/fonts/type1/pu
blic/amsfonts/cm/cmmi12.pfb></usr/local/texlive/2019/texmf-dist/fonts/type1/pub
lic/amsfonts/cm/cmmi6.pfb></usr/local/texlive/2019/texmf-dist/fonts/type1/publi
c/amsfonts/cm/cmmi8.pfb></usr/local/texlive/2019/texmf-dist/fonts/type1/public/
amsfonts/cm/cmr10.pfb></usr/local/texlive/2019/texmf-dist/fonts/type1/public/am
sfonts/cm/cmr12.pfb></usr/local/texlive/2019/texmf-dist/fonts/type1/public/amsf
onts/cm/cmr6.pfb></usr/local/texlive/2019/texmf-dist/fonts/type1/public/amsfont
s/cm/cmr8.pfb></usr/local/texlive/2019/texmf-dist/fonts/type1/public/amsfonts/c
m/cmr9.pfb></usr/local/texlive/2019/texmf-dist/fonts/type1/public/amsfonts/cm/c
msy10.pfb></usr/local/texlive/2019/texmf-dist/fonts/type1/public/amsfonts/cm/cm
sy6.pfb></usr/local/texlive/2019/texmf-dist/fonts/type1/public/amsfonts/cm/cmsy
8.pfb></usr/local/texlive/2019/texmf-dist/fonts/type1/public/amsfonts/symbols/m
sam10.pfb></usr/local/texlive/2019/texmf-dist/fonts/type1/public/amsfonts/symbo
ls/msbm10.pfb></usr/local/texlive/2019/texmf-dist/fonts/type1/public/amsfonts/s
ymbols/msbm7.pfb>
Output written on Notes_1.pdf (109 pages, 671172 bytes).
PDF statistics:
 429 PDF objects out of 1000 (max. 8388607)
 297 compressed objects within 3 object streams
 0 named destinations out of 1000 (max. 500000)
 1 words of extra memory for PDF output out of 10000 (max. 10000000)

